#
# There is insufficient memory for the Java Runtime Environment to continue.
# Native memory allocation (malloc) failed to allocate 1048576 bytes. Error detail: AllocateHeap
# Possible reasons:
#   The system is out of physical RAM or swap space
#   This process is running with CompressedOops enabled, and the Java Heap may be blocking the growth of the native heap
# Possible solutions:
#   Reduce memory load on the system
#   Increase physical memory or swap space
#   Check if swap backing store is full
#   Decrease Java heap size (-Xmx/-Xms)
#   Decrease number of Java threads
#   Decrease Java thread stack sizes (-Xss)
#   Set larger code cache with -XX:ReservedCodeCacheSize=
#   JVM is running with Unscaled Compressed Oops mode in which the Java heap is
#     placed in the first 4GB address space. The Java Heap base address is the
#     maximum limit for the native heap growth. Please use -XX:HeapBaseMinAddress
#     to set the Java Heap base and to place the Java Heap above 4GB virtual address.
# This output file may be truncated or incomplete.
#
#  Out of Memory Error (allocation.cpp:44), pid=9996, tid=3016
#
# JRE version: OpenJDK Runtime Environment Temurin-21.0.8+9 (21.0.8+9) (build 21.0.8+9-LTS)
# Java VM: OpenJDK 64-Bit Server VM Temurin-21.0.8+9 (21.0.8+9-LTS, mixed mode, sharing, tiered, compressed oops, compressed class ptrs, parallel gc, windows-amd64)
# No core dump will be written. Minidumps are not enabled by default on client versions of Windows
#

---------------  S U M M A R Y ------------

Command Line: --add-modules=ALL-SYSTEM --add-opens=java.base/java.util=ALL-UNNAMED --add-opens=java.base/java.lang=ALL-UNNAMED --add-opens=java.base/sun.nio.fs=ALL-UNNAMED -Declipse.application=org.eclipse.jdt.ls.core.id1 -Dosgi.bundles.defaultStartLevel=4 -Declipse.product=org.eclipse.jdt.ls.core.product -Djava.import.generatesMetadataFilesAtProjectRoot=false -DDetectVMInstallationsJob.disabled=true -Dfile.encoding=utf8 -XX:+UseParallelGC -XX:GCTimeRatio=4 -XX:AdaptiveSizePolicyWeight=90 -Dsun.zip.disableMemoryMapping=true -Xmx2G -Xms100m -Xlog:disable -javaagent:c:\Users\DELL\.cursor\extensions\redhat.java-1.47.0-win32-x64\lombok\lombok-1.18.39-4050.jar -XX:+HeapDumpOnOutOfMemoryError -XX:HeapDumpPath=c:\Users\DELL\AppData\Roaming\Cursor\User\workspaceStorage\cbc297099f48c87fd30593b2eda744e6\redhat.java -Daether.dependencyCollector.impl=bf c:\Users\DELL\.cursor\extensions\redhat.java-1.47.0-win32-x64\server\plugins\org.eclipse.equinox.launcher_1.7.100.v20251014-1222.jar -configuration c:\Users\DELL\AppData\Roaming\Cursor\User\globalStorage\redhat.java\1.47.0\config_win -data c:\Users\DELL\AppData\Roaming\Cursor\User\workspaceStorage\cbc297099f48c87fd30593b2eda744e6\redhat.java\jdt_ws --pipe=\\.\pipe\lsp-0ed9933f0b7f6561bb0efa9a1b655ae9-sock

Host: 13th Gen Intel(R) Core(TM) i7-13650HX, 20 cores, 15G,  Windows 11 , 64 bit Build 26100 (10.0.26100.5074)
Time: Thu Nov 20 00:21:54 2025 SE Asia Standard Time elapsed time: 22672.151633 seconds (0d 6h 17m 52s)

---------------  T H R E A D  ---------------

Current thread (0x0000015f2a7fb440):  JavaThread "Attach Listener" daemon [_thread_in_vm, id=3016, stack(0x00000046bca00000,0x00000046bcb00000) (1024K)]

Stack: [0x00000046bca00000,0x00000046bcb00000]
Native frames: (J=compiled Java code, j=interpreted, Vv=VM code, C=native code)
V  [jvm.dll+0x6d2449]
V  [jvm.dll+0x8ae341]
V  [jvm.dll+0x8b08be]
V  [jvm.dll+0x8b0fa3]
V  [jvm.dll+0x280c96]
V  [jvm.dll+0xc0347]
V  [jvm.dll+0x6d2cf9]
V  [jvm.dll+0x131116]
V  [jvm.dll+0x3f2d16]
V  [jvm.dll+0x857e6b]
V  [jvm.dll+0x6d0b0d]
C  [ucrtbase.dll+0x37b0]
C  [KERNEL32.DLL+0x2e8d7]
C  [ntdll.dll+0x8d9c]


---------------  P R O C E S S  ---------------

Threads class SMR info:
_java_thread_list=0x0000015f8ea6afc0, length=56, elements={
0x0000015f2a74c0a0, 0x0000015f42deaf20, 0x0000015f42debfe0, 0x0000015f2a7fa770,
0x0000015f2a7fb440, 0x0000015f2a7fe8d0, 0x0000015f85417710, 0x0000015f8541ffe0,
0x0000015f2a80e5d0, 0x0000015f85511320, 0x0000015f873cf550, 0x0000015f8c49eef0,
0x0000015f8c716710, 0x0000015f8c514290, 0x0000015f8c516100, 0x0000015f8c946790,
0x0000015f8cabb080, 0x0000015f8cd863d0, 0x0000015f8cd856b0, 0x0000015f8cd84990,
0x0000015f8cd87780, 0x0000015f8dd1eee0, 0x0000015f8dd1e1c0, 0x0000015f8dd20290,
0x0000015f8dd20920, 0x0000015f8dd1f570, 0x0000015f8dd1fc00, 0x0000015f8dd1d4a0,
0x0000015f8dd20fb0, 0x0000015f8dd1db30, 0x0000015f8dd21cd0, 0x0000015f8dd21640,
0x0000015f8dd1e850, 0x0000015f8dd24ac0, 0x0000015f8dd22360, 0x0000015f8dd229f0,
0x0000015f8dd23080, 0x0000015f8dd24430, 0x0000015f8dd23710, 0x0000015f8dd23da0,
0x0000015f8fe30cb0, 0x0000015f8fe33410, 0x0000015f8fe32060, 0x0000015f8fe31340,
0x0000015f92b4d6d0, 0x0000015f92b4c9b0, 0x0000015f92b4ea80, 0x0000015f8d4cc060,
0x0000015f8fb122f0, 0x0000015f8fb11c60, 0x0000015f8fb16490, 0x0000015f8fb13010,
0x0000015f8fb17840, 0x0000015f8d4ca620, 0x0000015f8d4c8be0, 0x0000015f8d4c9f90
}

Java Threads: ( => current thread )
  0x0000015f2a74c0a0 JavaThread "main"                              [_thread_blocked, id=26504, stack(0x00000046bc300000,0x00000046bc400000) (1024K)]
  0x0000015f42deaf20 JavaThread "Reference Handler"          daemon [_thread_blocked, id=31340, stack(0x00000046bc700000,0x00000046bc800000) (1024K)]
  0x0000015f42debfe0 JavaThread "Finalizer"                  daemon [_thread_blocked, id=36732, stack(0x00000046bc800000,0x00000046bc900000) (1024K)]
  0x0000015f2a7fa770 JavaThread "Signal Dispatcher"          daemon [_thread_blocked, id=27048, stack(0x00000046bc900000,0x00000046bca00000) (1024K)]
=>0x0000015f2a7fb440 JavaThread "Attach Listener"            daemon [_thread_in_vm, id=3016, stack(0x00000046bca00000,0x00000046bcb00000) (1024K)]
  0x0000015f2a7fe8d0 JavaThread "Service Thread"             daemon [_thread_blocked, id=27960, stack(0x00000046bcb00000,0x00000046bcc00000) (1024K)]
  0x0000015f85417710 JavaThread "Monitor Deflation Thread"   daemon [_thread_blocked, id=36596, stack(0x00000046bcc00000,0x00000046bcd00000) (1024K)]
  0x0000015f8541ffe0 JavaThread "C2 CompilerThread0"         daemon [_thread_blocked, id=14888, stack(0x00000046bcd00000,0x00000046bce00000) (1024K)]
  0x0000015f2a80e5d0 JavaThread "C1 CompilerThread0"         daemon [_thread_blocked, id=29652, stack(0x00000046bce00000,0x00000046bcf00000) (1024K)]
  0x0000015f85511320 JavaThread "Common-Cleaner"             daemon [_thread_blocked, id=30828, stack(0x00000046bcf00000,0x00000046bd000000) (1024K)]
  0x0000015f873cf550 JavaThread "Notification Thread"        daemon [_thread_blocked, id=6456, stack(0x00000046bd400000,0x00000046bd500000) (1024K)]
  0x0000015f8c49eef0 JavaThread "Active Thread: Equinox Container: 6c00e483-2d33-46b9-b939-140961d6c63a"        [_thread_blocked, id=25884, stack(0x00000046bde00000,0x00000046bdf00000) (1024K)]
  0x0000015f8c716710 JavaThread "Refresh Thread: Equinox Container: 6c00e483-2d33-46b9-b939-140961d6c63a" daemon [_thread_blocked, id=14352, stack(0x00000046be000000,0x00000046be100000) (1024K)]
  0x0000015f8c514290 JavaThread "Framework Event Dispatcher: Equinox Container: 6c00e483-2d33-46b9-b939-140961d6c63a" daemon [_thread_blocked, id=41024, stack(0x00000046be100000,0x00000046be200000) (1024K)]
  0x0000015f8c516100 JavaThread "Start Level: Equinox Container: 6c00e483-2d33-46b9-b939-140961d6c63a" daemon [_thread_blocked, id=20792, stack(0x00000046be200000,0x00000046be300000) (1024K)]
  0x0000015f8c946790 JavaThread "Bundle File Closer"         daemon [_thread_blocked, id=13552, stack(0x00000046be600000,0x00000046be700000) (1024K)]
  0x0000015f8cabb080 JavaThread "SCR Component Actor"        daemon [_thread_blocked, id=13076, stack(0x00000046be700000,0x00000046be800000) (1024K)]
  0x0000015f8cd863d0 JavaThread "Worker-JM"                         [_thread_blocked, id=17404, stack(0x00000046be900000,0x00000046bea00000) (1024K)]
  0x0000015f8cd856b0 JavaThread "JNA Cleaner"                daemon [_thread_blocked, id=4020, stack(0x00000046bec00000,0x00000046bed00000) (1024K)]
  0x0000015f8cd84990 JavaThread "Java indexing"              daemon [_thread_blocked, id=40596, stack(0x00000046bf000000,0x00000046bf100000) (1024K)]
  0x0000015f8cd87780 JavaThread "Thread-1"                   daemon [_thread_in_native, id=35000, stack(0x00000046bf500000,0x00000046bf600000) (1024K)]
  0x0000015f8dd1eee0 JavaThread "Thread-2"                   daemon [_thread_in_native, id=38212, stack(0x00000046bf600000,0x00000046bf700000) (1024K)]
  0x0000015f8dd1e1c0 JavaThread "Thread-3"                   daemon [_thread_in_native, id=2064, stack(0x00000046bf700000,0x00000046bf800000) (1024K)]
  0x0000015f8dd20290 JavaThread "Thread-4"                   daemon [_thread_in_native, id=12024, stack(0x00000046bf800000,0x00000046bf900000) (1024K)]
  0x0000015f8dd20920 JavaThread "Thread-5"                   daemon [_thread_in_native, id=41896, stack(0x00000046bf900000,0x00000046bfa00000) (1024K)]
  0x0000015f8dd1f570 JavaThread "Thread-6"                   daemon [_thread_in_native, id=38348, stack(0x00000046bfa00000,0x00000046bfb00000) (1024K)]
  0x0000015f8dd1fc00 JavaThread "Thread-7"                   daemon [_thread_in_native, id=8592, stack(0x00000046bfb00000,0x00000046bfc00000) (1024K)]
  0x0000015f8dd1d4a0 JavaThread "Thread-8"                   daemon [_thread_in_native, id=12736, stack(0x00000046bfc00000,0x00000046bfd00000) (1024K)]
  0x0000015f8dd20fb0 JavaThread "Thread-9"                   daemon [_thread_in_native, id=5940, stack(0x00000046bfd00000,0x00000046bfe00000) (1024K)]
  0x0000015f8dd1db30 JavaThread "Thread-10"                  daemon [_thread_in_native, id=516, stack(0x00000046bfe00000,0x00000046bff00000) (1024K)]
  0x0000015f8dd21cd0 JavaThread "Thread-11"                  daemon [_thread_in_native, id=31568, stack(0x00000046bff00000,0x00000046c0000000) (1024K)]
  0x0000015f8dd21640 JavaThread "Thread-12"                  daemon [_thread_in_native, id=26544, stack(0x00000046c0000000,0x00000046c0100000) (1024K)]
  0x0000015f8dd1e850 JavaThread "Thread-13"                  daemon [_thread_in_native, id=26600, stack(0x00000046c0100000,0x00000046c0200000) (1024K)]
  0x0000015f8dd24ac0 JavaThread "Thread-14"                  daemon [_thread_in_native, id=28872, stack(0x00000046c0200000,0x00000046c0300000) (1024K)]
  0x0000015f8dd22360 JavaThread "Thread-15"                  daemon [_thread_in_native, id=38140, stack(0x00000046c0300000,0x00000046c0400000) (1024K)]
  0x0000015f8dd229f0 JavaThread "Thread-16"                  daemon [_thread_in_native, id=21236, stack(0x00000046c0400000,0x00000046c0500000) (1024K)]
  0x0000015f8dd23080 JavaThread "Thread-17"                  daemon [_thread_in_native, id=36512, stack(0x00000046c0500000,0x00000046c0600000) (1024K)]
  0x0000015f8dd24430 JavaThread "Thread-18"                  daemon [_thread_in_native, id=24464, stack(0x00000046c0600000,0x00000046c0700000) (1024K)]
  0x0000015f8dd23710 JavaThread "Thread-19"                  daemon [_thread_in_native, id=12016, stack(0x00000046c0700000,0x00000046c0800000) (1024K)]
  0x0000015f8dd23da0 JavaThread "Thread-20"                  daemon [_thread_in_native, id=23760, stack(0x00000046c0800000,0x00000046c0900000) (1024K)]
  0x0000015f8fe30cb0 JavaThread "Thread-21"                  daemon [_thread_in_native, id=16840, stack(0x00000046c0900000,0x00000046c0a00000) (1024K)]
  0x0000015f8fe33410 JavaThread "pool-2-thread-1"                   [_thread_blocked, id=34608, stack(0x00000046c0a00000,0x00000046c0b00000) (1024K)]
  0x0000015f8fe32060 JavaThread "WorkspaceEventsHandler"            [_thread_blocked, id=10948, stack(0x00000046c0c00000,0x00000046c0d00000) (1024K)]
  0x0000015f8fe31340 JavaThread "pool-1-thread-1"                   [_thread_blocked, id=16184, stack(0x00000046c0d00000,0x00000046c0e00000) (1024K)]
  0x0000015f92b4d6d0 JavaThread "Java Debug Server"          daemon [_thread_in_native, id=19468, stack(0x00000046bd500000,0x00000046bd600000) (1024K)]
  0x0000015f92b4c9b0 JavaThread "RxSchedulerPurge-1"         daemon [_thread_blocked, id=24980, stack(0x00000046bd200000,0x00000046bd300000) (1024K)]
  0x0000015f92b4ea80 JavaThread "RxCachedWorkerPoolEvictor-1" daemon [_thread_blocked, id=16516, stack(0x00000046bed00000,0x00000046bee00000) (1024K)]
  0x0000015f8d4cc060 JavaThread "Worker-32"                         [_thread_blocked, id=22580, stack(0x00000046bd000000,0x00000046bd100000) (1024K)]
  0x0000015f8fb122f0 JavaThread "ForkJoinPool.commonPool-worker-145" daemon [_thread_blocked, id=23436, stack(0x00000046bc000000,0x00000046bc100000) (1024K)]
  0x0000015f8fb11c60 JavaThread "Worker-33"                         [_thread_blocked, id=28240, stack(0x00000046bc200000,0x00000046bc300000) (1024K)]
  0x0000015f8fb16490 JavaThread "ForkJoinPool.commonPool-worker-148" daemon [_thread_blocked, id=22636, stack(0x00000046bdd00000,0x00000046bde00000) (1024K)]
  0x0000015f8fb13010 JavaThread "ForkJoinPool.commonPool-worker-149" daemon [_thread_blocked, id=2632, stack(0x00000046bee00000,0x00000046bef00000) (1024K)]
  0x0000015f8fb17840 JavaThread "ForkJoinPool.commonPool-worker-153" daemon [_thread_blocked, id=33060, stack(0x00000046bf400000,0x00000046bf500000) (1024K)]
  0x0000015f8d4ca620 JavaThread "ForkJoinPool.commonPool-worker-154" daemon [_thread_blocked, id=37976, stack(0x00000046c0f00000,0x00000046c1000000) (1024K)]
  0x0000015f8d4c8be0 JavaThread "ForkJoinPool.commonPool-worker-159" daemon [_thread_blocked, id=18456, stack(0x00000046c1200000,0x00000046c1300000) (1024K)]
  0x0000015f8d4c9f90 JavaThread "ForkJoinPool.commonPool-worker-158" daemon [_thread_blocked, id=36820, stack(0x00000046c1300000,0x00000046c1400000) (1024K)]
Total: 56

Other Threads:
  0x0000015f2a7efab0 VMThread "VM Thread"                           [id=608, stack(0x00000046bc600000,0x00000046bc700000) (1024K)]
  0x0000015f42cccb30 WatcherThread "VM Periodic Task Thread"        [id=17760, stack(0x00000046bc500000,0x00000046bc600000) (1024K)]
  0x0000015f2a76bc90 WorkerThread "GC Thread#0"                     [id=35480, stack(0x00000046bc400000,0x00000046bc500000) (1024K)]
  0x0000015f874165f0 WorkerThread "GC Thread#1"                     [id=18088, stack(0x00000046bd600000,0x00000046bd700000) (1024K)]
  0x0000015f8c429890 WorkerThread "GC Thread#2"                     [id=40364, stack(0x00000046bd700000,0x00000046bd800000) (1024K)]
  0x0000015f8c429c30 WorkerThread "GC Thread#3"                     [id=36292, stack(0x00000046bd800000,0x00000046bd900000) (1024K)]
  0x0000015f87671fb0 WorkerThread "GC Thread#4"                     [id=37340, stack(0x00000046bd900000,0x00000046bda00000) (1024K)]
  0x0000015f87672b60 WorkerThread "GC Thread#5"                     [id=6716, stack(0x00000046bda00000,0x00000046bdb00000) (1024K)]
  0x0000015f8c127de0 WorkerThread "GC Thread#6"                     [id=6092, stack(0x00000046bdb00000,0x00000046bdc00000) (1024K)]
  0x0000015f8c39a9d0 WorkerThread "GC Thread#7"                     [id=17288, stack(0x00000046bdf00000,0x00000046be000000) (1024K)]
  0x0000015f8c6299e0 WorkerThread "GC Thread#8"                     [id=7496, stack(0x00000046be300000,0x00000046be400000) (1024K)]
  0x0000015f8c6287c0 WorkerThread "GC Thread#9"                     [id=22472, stack(0x00000046be400000,0x00000046be500000) (1024K)]
  0x0000015f8c6292a0 WorkerThread "GC Thread#10"                    [id=42340, stack(0x00000046be500000,0x00000046be600000) (1024K)]
  0x0000015f8c628420 WorkerThread "GC Thread#11"                    [id=14276, stack(0x00000046be800000,0x00000046be900000) (1024K)]
  0x0000015f8c629640 WorkerThread "GC Thread#12"                    [id=26008, stack(0x00000046bea00000,0x00000046beb00000) (1024K)]
  0x0000015f8c628b60 WorkerThread "GC Thread#13"                    [id=3784, stack(0x00000046beb00000,0x00000046bec00000) (1024K)]
  0x0000015f8cac00f0 WorkerThread "GC Thread#14"                    [id=2168, stack(0x00000046bef00000,0x00000046bf000000) (1024K)]
Total: 17

Threads with active compile tasks:
Total: 0

VM state: not at safepoint (normal execution)

VM Mutex/Monitor currently owned by a thread: None

Heap address: 0x0000000080000000, size: 2048 MB, Compressed Oops mode: 32-bit

CDS archive(s) mapped at: [0x0000015f43000000-0x0000015f43ba0000-0x0000015f43ba0000), size 12189696, SharedBaseAddress: 0x0000015f43000000, ArchiveRelocationMode: 1.
Compressed class space mapped at: 0x0000015f44000000-0x0000015f84000000, reserved size: 1073741824
Narrow klass base: 0x0000015f43000000, Narrow klass shift: 0, Narrow klass range: 0x100000000

GC Precious Log:
 CardTable entry size: 512
 CPUs: 20 total, 20 available
 Memory: 16068M
 Large Page Support: Disabled
 NUMA Support: Disabled
 Compressed Oops: Enabled (32-bit)
 Alignments: Space 512K, Generation 512K, Heap 2M
 Heap Min Capacity: 100M
 Heap Initial Capacity: 100M
 Heap Max Capacity: 2G
 Pre-touch: Disabled
 Parallel Workers: 15

Heap:
 PSYoungGen      total 5632K, used 4340K [0x00000000d5580000, 0x00000000d5c80000, 0x0000000100000000)
  eden space 4608K, 80% used [0x00000000d5580000,0x00000000d591d188,0x00000000d5a00000)
  from space 1024K, 62% used [0x00000000d5b00000,0x00000000d5ba0020,0x00000000d5c00000)
  to   space 512K, 0% used [0x00000000d5c00000,0x00000000d5c00000,0x00000000d5c80000)
 ParOldGen       total 880128K, used 879795K [0x0000000080000000, 0x00000000b5b80000, 0x00000000d5580000)
  object space 880128K, 99% used [0x0000000080000000,0x00000000b5b2cf58,0x00000000b5b80000)
 Metaspace       used 95199K, committed 96832K, reserved 1179648K
  class space    used 9448K, committed 10240K, reserved 1048576K

Card table byte_map: [0x0000015f3e130000,0x0000015f3e540000] _byte_map_base: 0x0000015f3dd30000

Marking Bits: (ParMarkBitMap*) 0x00007ffef9c9a340
 Begin Bits: [0x0000015f3e7f0000, 0x0000015f407f0000)
 End Bits:   [0x0000015f407f0000, 0x0000015f427f0000)

Polling page: 0x0000015f2a810000

Metaspace:

Usage:
  Non-class:     83.74 MB used.
      Class:      9.23 MB used.
       Both:     92.97 MB used.

Virtual space:
  Non-class space:      128.00 MB reserved,      84.56 MB ( 66%) committed,  2 nodes.
      Class space:        1.00 GB reserved,      10.00 MB ( <1%) committed,  1 nodes.
             Both:        1.12 GB reserved,      94.56 MB (  8%) committed. 

Chunk freelists:
   Non-Class:  11.07 MB
       Class:  6.04 MB
        Both:  17.10 MB

MaxMetaspaceSize: unlimited
CompressedClassSpaceSize: 1.00 GB
Initial GC threshold: 21.00 MB
Current GC threshold: 150.56 MB
CDS: on
 - commit_granule_bytes: 65536.
 - commit_granule_words: 8192.
 - virtual_space_node_default_size: 8388608.
 - enlarge_chunks_in_place: 1.
 - use_allocation_guard: 0.


Internal statistics:

num_allocs_failed_limit: 11.
num_arena_births: 2178.
num_arena_deaths: 520.
num_vsnodes_births: 3.
num_vsnodes_deaths: 0.
num_space_committed: 1513.
num_space_uncommitted: 0.
num_chunks_returned_to_freelist: 641.
num_chunks_taken_from_freelist: 7272.
num_chunk_merges: 143.
num_chunk_splits: 4062.
num_chunks_enlarged: 2165.
num_inconsistent_stats: 0.

CodeHeap 'non-profiled nmethods': size=119168Kb used=24272Kb max_used=28251Kb free=94895Kb
 bounds [0x0000015f36af0000, 0x0000015f38690000, 0x0000015f3df50000]
CodeHeap 'profiled nmethods': size=119104Kb used=26408Kb max_used=52520Kb free=92695Kb
 bounds [0x0000015f2ef50000, 0x0000015f322e0000, 0x0000015f363a0000]
CodeHeap 'non-nmethods': size=7488Kb used=1542Kb max_used=3325Kb free=5945Kb
 bounds [0x0000015f363a0000, 0x0000015f36700000, 0x0000015f36af0000]
CodeCache: size=245760Kb, used=52222Kb, max_used=84096Kb, free=193535Kb
 total_blobs=13953, nmethods=13090, adapters=760, full_count=0
Compilation: enabled, stopped_count=0, restarted_count=0

Compilation events (20 events):
Event: 22082.940 Thread 0x0000015f8541ffe0 34287       4       org.codehaus.plexus.classworlds.realm.ClassRealm::getClassLoadingLock (38 bytes)
Event: 22082.941 Thread 0x0000015f8541ffe0 nmethod 34287 0x0000015f37bbd410 code [0x0000015f37bbd5c0, 0x0000015f37bbd730]
Event: 22082.968 Thread 0x0000015f8541ffe0 34288   !   4       java.io.FileInputStream::open (26 bytes)
Event: 22082.968 Thread 0x0000015f8541ffe0 nmethod 34288 0x0000015f37dd0290 code [0x0000015f37dd0440, 0x0000015f37dd0590]
Event: 22082.968 Thread 0x0000015f8541ffe0 34289       4       java.io.FileInputStream::<init> (107 bytes)
Event: 22082.974 Thread 0x0000015f8541ffe0 nmethod 34289 0x0000015f3730f290 code [0x0000015f3730f500, 0x0000015f373102c8]
Event: 22087.909 Thread 0x0000015f8541ffe0 34290       4       org.eclipse.jdt.internal.codeassist.impl.AssistParser::popElement (170 bytes)
Event: 22087.911 Thread 0x0000015f8541ffe0 nmethod 34290 0x0000015f36c62c10 code [0x0000015f36c62dc0, 0x0000015f36c63010]
Event: 22087.913 Thread 0x0000015f2a80e5d0 34291       3       java.util.concurrent.atomic.AtomicInteger::addAndGet (14 bytes)
Event: 22087.914 Thread 0x0000015f2a80e5d0 nmethod 34291 0x0000015f2f819190 code [0x0000015f2f819320, 0x0000015f2f819440]
Event: 22087.914 Thread 0x0000015f2a80e5d0 34292       3       jdk.internal.util.random.RandomSupport::mixMurmur64 (29 bytes)
Event: 22087.914 Thread 0x0000015f2a80e5d0 nmethod 34292 0x0000015f2f890b10 code [0x0000015f2f890ca0, 0x0000015f2f890dd8]
Event: 22087.927 Thread 0x0000015f8541ffe0 34293   !   4       org.eclipse.jdt.internal.core.search.PatternSearchJob::performParallelSearch (278 bytes)
Event: 22087.979 Thread 0x0000015f8541ffe0 nmethod 34293 0x0000015f37a45290 code [0x0000015f37a456a0, 0x0000015f37a47920]
Event: 22087.979 Thread 0x0000015f8541ffe0 34294       4       org.eclipse.jdt.internal.compiler.parser.TypeConverter::decodeType2 (562 bytes)
Event: 22087.984 Thread 0x0000015f8541ffe0 nmethod 34294 0x0000015f36ffbc90 code [0x0000015f36ffbe80, 0x0000015f36ffc548]
Event: 22382.649 Thread 0x0000015f8541ffe0 34295       4       com.sun.org.apache.xml.internal.serializer.WriterToUTF8Buffered::write (296 bytes)
Event: 22382.652 Thread 0x0000015f8541ffe0 nmethod 34295 0x0000015f3837c510 code [0x0000015f3837c6a0, 0x0000015f3837c7c8]
Event: 22382.822 Thread 0x0000015f2a80e5d0 34296       3       org.eclipse.lsp4j.adapters.WorkDoneProgressNotificationAdapter::write (247 bytes)
Event: 22382.830 Thread 0x0000015f2a80e5d0 nmethod 34296 0x0000015f30747090 code [0x0000015f30747440, 0x0000015f30748d08]

GC Heap History (20 events):
Event: 22087.940 GC heap before
{Heap before GC invocations=8201 (full 16):
 PSYoungGen      total 7680K, used 7304K [0x00000000d5580000, 0x00000000d6000000, 0x0000000100000000)
  eden space 4608K, 100% used [0x00000000d5580000,0x00000000d5a00000,0x00000000d5a00000)
  from space 3072K, 87% used [0x00000000d5a00000,0x00000000d5ca2050,0x00000000d5d00000)
  to   space 3072K, 0% used [0x00000000d5d00000,0x00000000d5d00000,0x00000000d6000000)
 ParOldGen       total 873984K, used 873691K [0x0000000080000000, 0x00000000b5580000, 0x00000000d5580000)
  object space 873984K, 99% used [0x0000000080000000,0x00000000b5536ea0,0x00000000b5580000)
 Metaspace       used 95199K, committed 96832K, reserved 1179648K
  class space    used 9448K, committed 10240K, reserved 1048576K
}
Event: 22087.942 GC heap after
{Heap after GC invocations=8201 (full 16):
 PSYoungGen      total 5632K, used 544K [0x00000000d5580000, 0x00000000d5e00000, 0x0000000100000000)
  eden space 4608K, 0% used [0x00000000d5580000,0x00000000d5580000,0x00000000d5a00000)
  from space 1024K, 53% used [0x00000000d5d00000,0x00000000d5d88000,0x00000000d5e00000)
  to   space 1536K, 0% used [0x00000000d5b00000,0x00000000d5b00000,0x00000000d5c80000)
 ParOldGen       total 876544K, used 876237K [0x0000000080000000, 0x00000000b5800000, 0x00000000d5580000)
  object space 876544K, 99% used [0x0000000080000000,0x00000000b57b37f0,0x00000000b5800000)
 Metaspace       used 95199K, committed 96832K, reserved 1179648K
  class space    used 9448K, committed 10240K, reserved 1048576K
}
Event: 22087.946 GC heap before
{Heap before GC invocations=8202 (full 16):
 PSYoungGen      total 5632K, used 5152K [0x00000000d5580000, 0x00000000d5e00000, 0x0000000100000000)
  eden space 4608K, 100% used [0x00000000d5580000,0x00000000d5a00000,0x00000000d5a00000)
  from space 1024K, 53% used [0x00000000d5d00000,0x00000000d5d88000,0x00000000d5e00000)
  to   space 1536K, 0% used [0x00000000d5b00000,0x00000000d5b00000,0x00000000d5c80000)
 ParOldGen       total 876544K, used 876237K [0x0000000080000000, 0x00000000b5800000, 0x00000000d5580000)
  object space 876544K, 99% used [0x0000000080000000,0x00000000b57b37f0,0x00000000b5800000)
 Metaspace       used 95199K, committed 96832K, reserved 1179648K
  class space    used 9448K, committed 10240K, reserved 1048576K
}
Event: 22087.948 GC heap after
{Heap after GC invocations=8202 (full 16):
 PSYoungGen      total 6144K, used 560K [0x00000000d5580000, 0x00000000d5d80000, 0x0000000100000000)
  eden space 4608K, 0% used [0x00000000d5580000,0x00000000d5580000,0x00000000d5a00000)
  from space 1536K, 36% used [0x00000000d5b00000,0x00000000d5b8c010,0x00000000d5c80000)
  to   space 1024K, 0% used [0x00000000d5c80000,0x00000000d5c80000,0x00000000d5d80000)
 ParOldGen       total 877056K, used 876630K [0x0000000080000000, 0x00000000b5880000, 0x00000000d5580000)
  object space 877056K, 99% used [0x0000000080000000,0x00000000b5815830,0x00000000b5880000)
 Metaspace       used 95199K, committed 96832K, reserved 1179648K
  class space    used 9448K, committed 10240K, reserved 1048576K
}
Event: 22087.953 GC heap before
{Heap before GC invocations=8203 (full 16):
 PSYoungGen      total 6144K, used 5168K [0x00000000d5580000, 0x00000000d5d80000, 0x0000000100000000)
  eden space 4608K, 100% used [0x00000000d5580000,0x00000000d5a00000,0x00000000d5a00000)
  from space 1536K, 36% used [0x00000000d5b00000,0x00000000d5b8c010,0x00000000d5c80000)
  to   space 1024K, 0% used [0x00000000d5c80000,0x00000000d5c80000,0x00000000d5d80000)
 ParOldGen       total 877056K, used 876630K [0x0000000080000000, 0x00000000b5880000, 0x00000000d5580000)
  object space 877056K, 99% used [0x0000000080000000,0x00000000b5815830,0x00000000b5880000)
 Metaspace       used 95199K, committed 96832K, reserved 1179648K
  class space    used 9448K, committed 10240K, reserved 1048576K
}
Event: 22087.954 GC heap after
{Heap after GC invocations=8203 (full 16):
 PSYoungGen      total 5632K, used 592K [0x00000000d5580000, 0x00000000d5d80000, 0x0000000100000000)
  eden space 4608K, 0% used [0x00000000d5580000,0x00000000d5580000,0x00000000d5a00000)
  from space 1024K, 57% used [0x00000000d5c80000,0x00000000d5d14010,0x00000000d5d80000)
  to   space 1024K, 0% used [0x00000000d5b80000,0x00000000d5b80000,0x00000000d5c80000)
 ParOldGen       total 877056K, used 877006K [0x0000000080000000, 0x00000000b5880000, 0x00000000d5580000)
  object space 877056K, 99% used [0x0000000080000000,0x00000000b5873850,0x00000000b5880000)
 Metaspace       used 95199K, committed 96832K, reserved 1179648K
  class space    used 9448K, committed 10240K, reserved 1048576K
}
Event: 22087.961 GC heap before
{Heap before GC invocations=8204 (full 16):
 PSYoungGen      total 5632K, used 5200K [0x00000000d5580000, 0x00000000d5d80000, 0x0000000100000000)
  eden space 4608K, 100% used [0x00000000d5580000,0x00000000d5a00000,0x00000000d5a00000)
  from space 1024K, 57% used [0x00000000d5c80000,0x00000000d5d14010,0x00000000d5d80000)
  to   space 1024K, 0% used [0x00000000d5b80000,0x00000000d5b80000,0x00000000d5c80000)
 ParOldGen       total 877056K, used 877006K [0x0000000080000000, 0x00000000b5880000, 0x00000000d5580000)
  object space 877056K, 99% used [0x0000000080000000,0x00000000b5873850,0x00000000b5880000)
 Metaspace       used 95199K, committed 96832K, reserved 1179648K
  class space    used 9448K, committed 10240K, reserved 1048576K
}
Event: 22087.962 GC heap after
{Heap after GC invocations=8204 (full 16):
 PSYoungGen      total 5632K, used 987K [0x00000000d5580000, 0x00000000d5d00000, 0x0000000100000000)
  eden space 4608K, 0% used [0x00000000d5580000,0x00000000d5580000,0x00000000d5a00000)
  from space 1024K, 96% used [0x00000000d5b80000,0x00000000d5c76ec0,0x00000000d5c80000)
  to   space 512K, 0% used [0x00000000d5c80000,0x00000000d5c80000,0x00000000d5d00000)
 ParOldGen       total 877568K, used 877378K [0x0000000080000000, 0x00000000b5900000, 0x00000000d5580000)
  object space 877568K, 99% used [0x0000000080000000,0x00000000b58d0880,0x00000000b5900000)
 Metaspace       used 95199K, committed 96832K, reserved 1179648K
  class space    used 9448K, committed 10240K, reserved 1048576K
}
Event: 22087.967 GC heap before
{Heap before GC invocations=8205 (full 16):
 PSYoungGen      total 5632K, used 5514K [0x00000000d5580000, 0x00000000d5d00000, 0x0000000100000000)
  eden space 4608K, 98% used [0x00000000d5580000,0x00000000d59eb9e0,0x00000000d5a00000)
  from space 1024K, 96% used [0x00000000d5b80000,0x00000000d5c76ec0,0x00000000d5c80000)
  to   space 512K, 0% used [0x00000000d5c80000,0x00000000d5c80000,0x00000000d5d00000)
 ParOldGen       total 877568K, used 877378K [0x0000000080000000, 0x00000000b5900000, 0x00000000d5580000)
  object space 877568K, 99% used [0x0000000080000000,0x00000000b58d0880,0x00000000b5900000)
 Metaspace       used 95199K, committed 96832K, reserved 1179648K
  class space    used 9448K, committed 10240K, reserved 1048576K
}
Event: 22087.968 GC heap after
{Heap after GC invocations=8205 (full 16):
 PSYoungGen      total 5120K, used 128K [0x00000000d5580000, 0x00000000d5d00000, 0x0000000100000000)
  eden space 4608K, 0% used [0x00000000d5580000,0x00000000d5580000,0x00000000d5a00000)
  from space 512K, 25% used [0x00000000d5c80000,0x00000000d5ca0000,0x00000000d5d00000)
  to   space 512K, 0% used [0x00000000d5c00000,0x00000000d5c00000,0x00000000d5c80000)
 ParOldGen       total 878592K, used 878197K [0x0000000080000000, 0x00000000b5a00000, 0x00000000d5580000)
  object space 878592K, 99% used [0x0000000080000000,0x00000000b599d760,0x00000000b5a00000)
 Metaspace       used 95199K, committed 96832K, reserved 1179648K
  class space    used 9448K, committed 10240K, reserved 1048576K
}
Event: 22088.525 GC heap before
{Heap before GC invocations=8206 (full 16):
 PSYoungGen      total 5120K, used 4736K [0x00000000d5580000, 0x00000000d5d00000, 0x0000000100000000)
  eden space 4608K, 100% used [0x00000000d5580000,0x00000000d5a00000,0x00000000d5a00000)
  from space 512K, 25% used [0x00000000d5c80000,0x00000000d5ca0000,0x00000000d5d00000)
  to   space 512K, 0% used [0x00000000d5c00000,0x00000000d5c00000,0x00000000d5c80000)
 ParOldGen       total 878592K, used 878197K [0x0000000080000000, 0x00000000b5a00000, 0x00000000d5580000)
  object space 878592K, 99% used [0x0000000080000000,0x00000000b599d760,0x00000000b5a00000)
 Metaspace       used 95199K, committed 96832K, reserved 1179648K
  class space    used 9448K, committed 10240K, reserved 1048576K
}
Event: 22088.527 GC heap after
{Heap after GC invocations=8206 (full 16):
 PSYoungGen      total 5120K, used 448K [0x00000000d5580000, 0x00000000d5d00000, 0x0000000100000000)
  eden space 4608K, 0% used [0x00000000d5580000,0x00000000d5580000,0x00000000d5a00000)
  from space 512K, 87% used [0x00000000d5c00000,0x00000000d5c70000,0x00000000d5c80000)
  to   space 512K, 0% used [0x00000000d5c80000,0x00000000d5c80000,0x00000000d5d00000)
 ParOldGen       total 878592K, used 878261K [0x0000000080000000, 0x00000000b5a00000, 0x00000000d5580000)
  object space 878592K, 99% used [0x0000000080000000,0x00000000b59ad760,0x00000000b5a00000)
 Metaspace       used 95199K, committed 96832K, reserved 1179648K
  class space    used 9448K, committed 10240K, reserved 1048576K
}
Event: 22088.533 GC heap before
{Heap before GC invocations=8207 (full 16):
 PSYoungGen      total 5120K, used 5056K [0x00000000d5580000, 0x00000000d5d00000, 0x0000000100000000)
  eden space 4608K, 100% used [0x00000000d5580000,0x00000000d5a00000,0x00000000d5a00000)
  from space 512K, 87% used [0x00000000d5c00000,0x00000000d5c70000,0x00000000d5c80000)
  to   space 512K, 0% used [0x00000000d5c80000,0x00000000d5c80000,0x00000000d5d00000)
 ParOldGen       total 878592K, used 878261K [0x0000000080000000, 0x00000000b5a00000, 0x00000000d5580000)
  object space 878592K, 99% used [0x0000000080000000,0x00000000b59ad760,0x00000000b5a00000)
 Metaspace       used 95199K, committed 96832K, reserved 1179648K
  class space    used 9448K, committed 10240K, reserved 1048576K
}
Event: 22088.534 GC heap after
{Heap after GC invocations=8207 (full 16):
 PSYoungGen      total 5120K, used 493K [0x00000000d5580000, 0x00000000d5d00000, 0x0000000100000000)
  eden space 4608K, 0% used [0x00000000d5580000,0x00000000d5580000,0x00000000d5a00000)
  from space 512K, 96% used [0x00000000d5c80000,0x00000000d5cfb750,0x00000000d5d00000)
  to   space 1024K, 0% used [0x00000000d5b00000,0x00000000d5b00000,0x00000000d5c00000)
 ParOldGen       total 879104K, used 878602K [0x0000000080000000, 0x00000000b5a80000, 0x00000000d5580000)
  object space 879104K, 99% used [0x0000000080000000,0x00000000b5a02980,0x00000000b5a80000)
 Metaspace       used 95199K, committed 96832K, reserved 1179648K
  class space    used 9448K, committed 10240K, reserved 1048576K
}
Event: 22088.539 GC heap before
{Heap before GC invocations=8208 (full 16):
 PSYoungGen      total 5120K, used 5101K [0x00000000d5580000, 0x00000000d5d00000, 0x0000000100000000)
  eden space 4608K, 100% used [0x00000000d5580000,0x00000000d5a00000,0x00000000d5a00000)
  from space 512K, 96% used [0x00000000d5c80000,0x00000000d5cfb750,0x00000000d5d00000)
  to   space 1024K, 0% used [0x00000000d5b00000,0x00000000d5b00000,0x00000000d5c00000)
 ParOldGen       total 879104K, used 878602K [0x0000000080000000, 0x00000000b5a80000, 0x00000000d5580000)
  object space 879104K, 99% used [0x0000000080000000,0x00000000b5a02980,0x00000000b5a80000)
 Metaspace       used 95199K, committed 96832K, reserved 1179648K
  class space    used 9448K, committed 10240K, reserved 1048576K
}
Event: 22088.540 GC heap after
{Heap after GC invocations=8208 (full 16):
 PSYoungGen      total 5632K, used 576K [0x00000000d5580000, 0x00000000d5d00000, 0x0000000100000000)
  eden space 4608K, 0% used [0x00000000d5580000,0x00000000d5580000,0x00000000d5a00000)
  from space 1024K, 56% used [0x00000000d5b00000,0x00000000d5b90000,0x00000000d5c00000)
  to   space 1024K, 0% used [0x00000000d5c00000,0x00000000d5c00000,0x00000000d5d00000)
 ParOldGen       total 879104K, used 879038K [0x0000000080000000, 0x00000000b5a80000, 0x00000000d5580000)
  object space 879104K, 99% used [0x0000000080000000,0x00000000b5a6f820,0x00000000b5a80000)
 Metaspace       used 95199K, committed 96832K, reserved 1179648K
  class space    used 9448K, committed 10240K, reserved 1048576K
}
Event: 22088.544 GC heap before
{Heap before GC invocations=8209 (full 16):
 PSYoungGen      total 5632K, used 5184K [0x00000000d5580000, 0x00000000d5d00000, 0x0000000100000000)
  eden space 4608K, 100% used [0x00000000d5580000,0x00000000d5a00000,0x00000000d5a00000)
  from space 1024K, 56% used [0x00000000d5b00000,0x00000000d5b90000,0x00000000d5c00000)
  to   space 1024K, 0% used [0x00000000d5c00000,0x00000000d5c00000,0x00000000d5d00000)
 ParOldGen       total 879104K, used 879038K [0x0000000080000000, 0x00000000b5a80000, 0x00000000d5580000)
  object space 879104K, 99% used [0x0000000080000000,0x00000000b5a6f820,0x00000000b5a80000)
 Metaspace       used 95199K, committed 96832K, reserved 1179648K
  class space    used 9448K, committed 10240K, reserved 1048576K
}
Event: 22088.546 GC heap after
{Heap after GC invocations=8209 (full 16):
 PSYoungGen      total 5632K, used 704K [0x00000000d5580000, 0x00000000d5d00000, 0x0000000100000000)
  eden space 4608K, 0% used [0x00000000d5580000,0x00000000d5580000,0x00000000d5a00000)
  from space 1024K, 68% used [0x00000000d5c00000,0x00000000d5cb0000,0x00000000d5d00000)
  to   space 1024K, 0% used [0x00000000d5b00000,0x00000000d5b00000,0x00000000d5c00000)
 ParOldGen       total 879616K, used 879411K [0x0000000080000000, 0x00000000b5b00000, 0x00000000d5580000)
  object space 879616K, 99% used [0x0000000080000000,0x00000000b5accc78,0x00000000b5b00000)
 Metaspace       used 95199K, committed 96832K, reserved 1179648K
  class space    used 9448K, committed 10240K, reserved 1048576K
}
Event: 22088.550 GC heap before
{Heap before GC invocations=8210 (full 16):
 PSYoungGen      total 5632K, used 5312K [0x00000000d5580000, 0x00000000d5d00000, 0x0000000100000000)
  eden space 4608K, 100% used [0x00000000d5580000,0x00000000d5a00000,0x00000000d5a00000)
  from space 1024K, 68% used [0x00000000d5c00000,0x00000000d5cb0000,0x00000000d5d00000)
  to   space 1024K, 0% used [0x00000000d5b00000,0x00000000d5b00000,0x00000000d5c00000)
 ParOldGen       total 879616K, used 879411K [0x0000000080000000, 0x00000000b5b00000, 0x00000000d5580000)
  object space 879616K, 99% used [0x0000000080000000,0x00000000b5accc78,0x00000000b5b00000)
 Metaspace       used 95199K, committed 96832K, reserved 1179648K
  class space    used 9448K, committed 10240K, reserved 1048576K
}
Event: 22088.551 GC heap after
{Heap after GC invocations=8210 (full 16):
 PSYoungGen      total 5632K, used 640K [0x00000000d5580000, 0x00000000d5c80000, 0x0000000100000000)
  eden space 4608K, 0% used [0x00000000d5580000,0x00000000d5580000,0x00000000d5a00000)
  from space 1024K, 62% used [0x00000000d5b00000,0x00000000d5ba0020,0x00000000d5c00000)
  to   space 512K, 0% used [0x00000000d5c00000,0x00000000d5c00000,0x00000000d5c80000)
 ParOldGen       total 880128K, used 879795K [0x0000000080000000, 0x00000000b5b80000, 0x00000000d5580000)
  object space 880128K, 99% used [0x0000000080000000,0x00000000b5b2cf58,0x00000000b5b80000)
 Metaspace       used 95199K, committed 96832K, reserved 1179648K
  class space    used 9448K, committed 10240K, reserved 1048576K
}

Dll operation events (12 events):
Event: 0.007 Loaded shared library c:\Users\DELL\.cursor\extensions\redhat.java-1.47.0-win32-x64\jre\21.0.8-win32-x86_64\bin\java.dll
Event: 0.048 Loaded shared library c:\Users\DELL\.cursor\extensions\redhat.java-1.47.0-win32-x64\jre\21.0.8-win32-x86_64\bin\zip.dll
Event: 0.061 Loaded shared library C:\Users\DELL\.cursor\extensions\redhat.java-1.47.0-win32-x64\jre\21.0.8-win32-x86_64\bin\instrument.dll
Event: 0.064 Loaded shared library C:\Users\DELL\.cursor\extensions\redhat.java-1.47.0-win32-x64\jre\21.0.8-win32-x86_64\bin\net.dll
Event: 0.066 Loaded shared library C:\Users\DELL\.cursor\extensions\redhat.java-1.47.0-win32-x64\jre\21.0.8-win32-x86_64\bin\nio.dll
Event: 0.067 Loaded shared library C:\Users\DELL\.cursor\extensions\redhat.java-1.47.0-win32-x64\jre\21.0.8-win32-x86_64\bin\zip.dll
Event: 0.077 Loaded shared library C:\Users\DELL\.cursor\extensions\redhat.java-1.47.0-win32-x64\jre\21.0.8-win32-x86_64\bin\jimage.dll
Event: 0.116 Loaded shared library c:\Users\DELL\.cursor\extensions\redhat.java-1.47.0-win32-x64\jre\21.0.8-win32-x86_64\bin\verify.dll
Event: 0.822 Loaded shared library C:\Users\DELL\AppData\Roaming\Cursor\User\globalStorage\redhat.java\1.47.0\config_win\org.eclipse.equinox.launcher\org.eclipse.equinox.launcher.win32.win32.x86_64_1.2.1400.v20250801-0854\eclipse_11916.dll
Event: 1.752 Loaded shared library C:\Users\DELL\AppData\Local\Temp\jna-2094529\jna15148428266276182488.dll
Event: 2.942 Loaded shared library C:\Users\DELL\.cursor\extensions\redhat.java-1.47.0-win32-x64\jre\21.0.8-win32-x86_64\bin\sunmscapi.dll
Event: 3.178 Loaded shared library C:\Users\DELL\.cursor\extensions\redhat.java-1.47.0-win32-x64\jre\21.0.8-win32-x86_64\bin\extnet.dll

Deoptimization events (20 events):
Event: 15183.153 Thread 0x0000015f92b4c9b0 DEOPT PACKING pc=0x0000015f37992a34 sp=0x00000046bd2ff090
Event: 15183.153 Thread 0x0000015f92b4c9b0 DEOPT UNPACKING pc=0x0000015f363f3aa2 sp=0x00000046bd2fef30 mode 2
Event: 15184.150 Thread 0x0000015f92b4c9b0 Uncommon trap: trap_request=0xffffffd6 fr.pc=0x0000015f37992a34 relative=0x00000000000002f4
Event: 15184.150 Thread 0x0000015f92b4c9b0 Uncommon trap: reason=array_check action=maybe_recompile pc=0x0000015f37992a34 method=java.util.concurrent.ScheduledThreadPoolExecutor$DelayedWorkQueue.offer(Ljava/lang/Runnable;)Z @ 65 c2
Event: 15184.150 Thread 0x0000015f92b4c9b0 DEOPT PACKING pc=0x0000015f37992a34 sp=0x00000046bd2ff090
Event: 15184.150 Thread 0x0000015f92b4c9b0 DEOPT UNPACKING pc=0x0000015f363f3aa2 sp=0x00000046bd2fef30 mode 2
Event: 15184.830 Thread 0x0000015f8c49eef0 Uncommon trap: trap_request=0xffffffd6 fr.pc=0x0000015f37992a34 relative=0x00000000000002f4
Event: 15184.830 Thread 0x0000015f8c49eef0 Uncommon trap: reason=array_check action=maybe_recompile pc=0x0000015f37992a34 method=java.util.concurrent.ScheduledThreadPoolExecutor$DelayedWorkQueue.offer(Ljava/lang/Runnable;)Z @ 65 c2
Event: 15184.830 Thread 0x0000015f8c49eef0 DEOPT PACKING pc=0x0000015f37992a34 sp=0x00000046bdefef50
Event: 15184.830 Thread 0x0000015f8c49eef0 DEOPT UNPACKING pc=0x0000015f363f3aa2 sp=0x00000046bdefedf0 mode 2
Event: 15184.954 Thread 0x0000015f8fe33410 Uncommon trap: trap_request=0xffffffd6 fr.pc=0x0000015f37992a34 relative=0x00000000000002f4
Event: 15184.954 Thread 0x0000015f8fe33410 Uncommon trap: reason=array_check action=maybe_recompile pc=0x0000015f37992a34 method=java.util.concurrent.ScheduledThreadPoolExecutor$DelayedWorkQueue.offer(Ljava/lang/Runnable;)Z @ 65 c2
Event: 15184.954 Thread 0x0000015f8fe33410 DEOPT PACKING pc=0x0000015f37992a34 sp=0x00000046c0aff370
Event: 15184.954 Thread 0x0000015f8fe33410 DEOPT UNPACKING pc=0x0000015f363f3aa2 sp=0x00000046c0aff210 mode 2
Event: 22081.798 Thread 0x0000015f8fb13d30 DEOPT PACKING pc=0x0000015f31807f83 sp=0x00000046bc1fed30
Event: 22081.798 Thread 0x0000015f8fb13d30 DEOPT UNPACKING pc=0x0000015f363f4242 sp=0x00000046bc1fe2e0 mode 0
Event: 22087.927 Thread 0x0000015f8fb13d30 DEOPT PACKING pc=0x0000015f30d050c8 sp=0x00000046bc1fe670
Event: 22087.927 Thread 0x0000015f8fb13d30 DEOPT UNPACKING pc=0x0000015f363f4242 sp=0x00000046bc1fdbf0 mode 0
Event: 22087.932 Thread 0x0000015f8fb13d30 DEOPT PACKING pc=0x0000015f30966317 sp=0x00000046bc1fdfc0
Event: 22087.932 Thread 0x0000015f8fb13d30 DEOPT UNPACKING pc=0x0000015f363f4242 sp=0x00000046bc1fd490 mode 0

Classes loaded (20 events):
Event: 12008.154 Loading class java/util/concurrent/ScheduledThreadPoolExecutor$DelayedWorkQueue$Itr
Event: 12008.155 Loading class java/util/concurrent/ScheduledThreadPoolExecutor$DelayedWorkQueue$Itr done
Event: 12009.522 Loading class jdk/internal/reflect/MethodHandleByteFieldAccessorImpl
Event: 12009.523 Loading class jdk/internal/reflect/MethodHandleByteFieldAccessorImpl done
Event: 12030.788 Loading class java/util/concurrent/CompletableFuture$AsyncRun
Event: 12030.789 Loading class java/util/concurrent/CompletableFuture$AsyncRun done
Event: 12148.355 Loading class jdk/internal/module/IllegalAccessLogger
Event: 12148.355 Loading class jdk/internal/module/IllegalAccessLogger done
Event: 12150.564 Loading class jdk/internal/module/IllegalAccessLogger
Event: 12150.564 Loading class jdk/internal/module/IllegalAccessLogger done
Event: 12158.525 Loading class jdk/internal/module/IllegalAccessLogger
Event: 12158.525 Loading class jdk/internal/module/IllegalAccessLogger done
Event: 12177.553 Loading class jdk/internal/module/IllegalAccessLogger
Event: 12177.553 Loading class jdk/internal/module/IllegalAccessLogger done
Event: 12193.066 Loading class jdk/internal/module/IllegalAccessLogger
Event: 12193.066 Loading class jdk/internal/module/IllegalAccessLogger done
Event: 12195.354 Loading class jdk/internal/module/IllegalAccessLogger
Event: 12195.354 Loading class jdk/internal/module/IllegalAccessLogger done
Event: 22082.907 Loading class jdk/internal/module/IllegalAccessLogger
Event: 22082.907 Loading class jdk/internal/module/IllegalAccessLogger done

Classes unloaded (20 events):
Event: 7370.118 Thread 0x0000015f2a7efab0 Unloading class 0x0000015f44946800 'java/lang/invoke/LambdaForm$MH+0x0000015f44946800'
Event: 7370.118 Thread 0x0000015f2a7efab0 Unloading class 0x0000015f44946400 'java/lang/invoke/LambdaForm$MH+0x0000015f44946400'
Event: 7370.118 Thread 0x0000015f2a7efab0 Unloading class 0x0000015f44945800 'java/lang/invoke/LambdaForm$MH+0x0000015f44945800'
Event: 7370.118 Thread 0x0000015f2a7efab0 Unloading class 0x0000015f44945000 'java/lang/invoke/LambdaForm$MH+0x0000015f44945000'
Event: 7370.118 Thread 0x0000015f2a7efab0 Unloading class 0x0000015f44944800 'java/lang/invoke/LambdaForm$MH+0x0000015f44944800'
Event: 7370.118 Thread 0x0000015f2a7efab0 Unloading class 0x0000015f44944400 'java/lang/invoke/LambdaForm$MH+0x0000015f44944400'
Event: 7370.118 Thread 0x0000015f2a7efab0 Unloading class 0x0000015f44943800 'java/lang/invoke/LambdaForm$MH+0x0000015f44943800'
Event: 7370.118 Thread 0x0000015f2a7efab0 Unloading class 0x0000015f44943400 'java/lang/invoke/LambdaForm$MH+0x0000015f44943400'
Event: 7370.118 Thread 0x0000015f2a7efab0 Unloading class 0x0000015f44205000 'java/lang/invoke/LambdaForm$MH+0x0000015f44205000'
Event: 7370.118 Thread 0x0000015f2a7efab0 Unloading class 0x0000015f44172800 'java/lang/invoke/LambdaForm$MH+0x0000015f44172800'
Event: 7370.118 Thread 0x0000015f2a7efab0 Unloading class 0x0000015f44172000 'java/lang/invoke/LambdaForm$MH+0x0000015f44172000'
Event: 7370.118 Thread 0x0000015f2a7efab0 Unloading class 0x0000015f44171c00 'java/lang/invoke/LambdaForm$MH+0x0000015f44171c00'
Event: 7370.118 Thread 0x0000015f2a7efab0 Unloading class 0x0000015f44171800 'java/lang/invoke/LambdaForm$MH+0x0000015f44171800'
Event: 7370.118 Thread 0x0000015f2a7efab0 Unloading class 0x0000015f4401f800 'java/lang/invoke/LambdaForm$MH+0x0000015f4401f800'
Event: 7370.118 Thread 0x0000015f2a7efab0 Unloading class 0x0000015f4401e800 'java/lang/invoke/LambdaForm$MH+0x0000015f4401e800'
Event: 7370.118 Thread 0x0000015f2a7efab0 Unloading class 0x0000015f4401e400 'java/lang/invoke/LambdaForm$MH+0x0000015f4401e400'
Event: 7370.118 Thread 0x0000015f2a7efab0 Unloading class 0x0000015f4401dc00 'java/lang/invoke/LambdaForm$MH+0x0000015f4401dc00'
Event: 7370.118 Thread 0x0000015f2a7efab0 Unloading class 0x0000015f4401d400 'java/lang/invoke/LambdaForm$MH+0x0000015f4401d400'
Event: 7370.118 Thread 0x0000015f2a7efab0 Unloading class 0x0000015f44016400 'java/lang/invoke/LambdaForm$MH+0x0000015f44016400'
Event: 9014.474 Thread 0x0000015f2a7efab0 Unloading class 0x0000015f44937000 'java/lang/invoke/LambdaForm$MH+0x0000015f44937000'

Classes redefined (0 events):
No events

Internal exceptions (20 events):
Event: 12148.262 Thread 0x0000015f8cd84990 Exception <a 'sun/nio/fs/WindowsException'{0x00000000d55807d0}> (0x00000000d55807d0) 
thrown [s\src\hotspot\share\prims\jni.cpp, line 520]
Event: 12148.430 Thread 0x0000015f8cd84990 Exception <a 'sun/nio/fs/WindowsException'{0x00000000d57b7738}> (0x00000000d57b7738) 
thrown [s\src\hotspot\share\prims\jni.cpp, line 520]
Event: 12150.466 Thread 0x0000015f8cd84990 Exception <a 'sun/nio/fs/WindowsException'{0x00000000d5782938}> (0x00000000d5782938) 
thrown [s\src\hotspot\share\prims\jni.cpp, line 520]
Event: 12150.623 Thread 0x0000015f8cd84990 Exception <a 'sun/nio/fs/WindowsException'{0x00000000d5751ca0}> (0x00000000d5751ca0) 
thrown [s\src\hotspot\share\prims\jni.cpp, line 520]
Event: 12158.425 Thread 0x0000015f8cd84990 Exception <a 'sun/nio/fs/WindowsException'{0x00000000d590dd98}> (0x00000000d590dd98) 
thrown [s\src\hotspot\share\prims\jni.cpp, line 520]
Event: 12158.540 Thread 0x0000015f8d4cb9d0 Implicit null exception at 0x0000015f376088c5 to 0x0000015f37609408
Event: 12158.618 Thread 0x0000015f8cd84990 Exception <a 'sun/nio/fs/WindowsException'{0x00000000d5977268}> (0x00000000d5977268) 
thrown [s\src\hotspot\share\prims\jni.cpp, line 520]
Event: 12177.453 Thread 0x0000015f8cd84990 Exception <a 'sun/nio/fs/WindowsException'{0x00000000d57fdc08}> (0x00000000d57fdc08) 
thrown [s\src\hotspot\share\prims\jni.cpp, line 520]
Event: 12177.644 Thread 0x0000015f8cd84990 Exception <a 'sun/nio/fs/WindowsException'{0x00000000d5584568}> (0x00000000d5584568) 
thrown [s\src\hotspot\share\prims\jni.cpp, line 520]
Event: 12192.941 Thread 0x0000015f8cd84990 Exception <a 'sun/nio/fs/WindowsException'{0x00000000d56165d8}> (0x00000000d56165d8) 
thrown [s\src\hotspot\share\prims\jni.cpp, line 520]
Event: 12193.069 Thread 0x0000015f92b4d040 Exception <a 'sun/nio/fs/WindowsException'{0x00000000d57d9618}> (0x00000000d57d9618) 
thrown [s\src\hotspot\share\prims\jni.cpp, line 520]
Event: 12193.108 Thread 0x0000015f8cd84990 Exception <a 'sun/nio/fs/WindowsException'{0x00000000d5580570}> (0x00000000d5580570) 
thrown [s\src\hotspot\share\prims\jni.cpp, line 520]
Event: 12194.606 Thread 0x0000015f8cd84990 Exception <a 'sun/nio/fs/WindowsException'{0x00000000d5a31658}> (0x00000000d5a31658) 
thrown [s\src\hotspot\share\prims\jni.cpp, line 520]
Event: 12194.744 Thread 0x0000015f8cd84990 Exception <a 'sun/nio/fs/WindowsException'{0x00000000d5ef6518}> (0x00000000d5ef6518) 
thrown [s\src\hotspot\share\prims\jni.cpp, line 520]
Event: 12448.237 Thread 0x0000015f8d4cc060 Exception <a 'sun/nio/fs/WindowsException'{0x00000000d5973fe0}> (0x00000000d5973fe0) 
thrown [s\src\hotspot\share\prims\jni.cpp, line 520]
Event: 12448.237 Thread 0x0000015f8d4cc060 Exception <a 'sun/nio/fs/WindowsException'{0x00000000d59748a8}> (0x00000000d59748a8) 
thrown [s\src\hotspot\share\prims\jni.cpp, line 520]
Event: 22082.661 Thread 0x0000015f8cd84990 Exception <a 'sun/nio/fs/WindowsException'{0x00000000d5751c00}> (0x00000000d5751c00) 
thrown [s\src\hotspot\share\prims\jni.cpp, line 520]
Event: 22082.844 Thread 0x0000015f8cd84990 Exception <a 'sun/nio/fs/WindowsException'{0x00000000d5766f20}> (0x00000000d5766f20) 
thrown [s\src\hotspot\share\prims\jni.cpp, line 520]
Event: 22382.662 Thread 0x0000015f8fb11c60 Exception <a 'sun/nio/fs/WindowsException'{0x00000000d5748380}> (0x00000000d5748380) 
thrown [s\src\hotspot\share\prims\jni.cpp, line 520]
Event: 22382.663 Thread 0x0000015f8fb11c60 Exception <a 'sun/nio/fs/WindowsException'{0x00000000d5748c68}> (0x00000000d5748c68) 
thrown [s\src\hotspot\share\prims\jni.cpp, line 520]

ZGC Phase Switch (0 events):
No events

VM Operations (20 events):
Event: 22088.539 Executing VM operation: ParallelGCFailedAllocation (Allocation Failure)
Event: 22088.540 Executing VM operation: ParallelGCFailedAllocation (Allocation Failure) done
Event: 22088.544 Executing VM operation: ParallelGCFailedAllocation (Allocation Failure)
Event: 22088.546 Executing VM operation: ParallelGCFailedAllocation (Allocation Failure) done
Event: 22088.550 Executing VM operation: ParallelGCFailedAllocation (Allocation Failure)
Event: 22088.551 Executing VM operation: ParallelGCFailedAllocation (Allocation Failure) done
Event: 22129.954 Executing VM operation: HandshakeAllThreads (HandshakeForDeflation)
Event: 22129.954 Executing VM operation: HandshakeAllThreads (HandshakeForDeflation) done
Event: 22129.954 Executing VM operation: RendezvousGCThreads
Event: 22129.954 Executing VM operation: RendezvousGCThreads done
Event: 22310.376 Executing VM operation: HandshakeAllThreads (HandshakeForDeflation)
Event: 22310.376 Executing VM operation: HandshakeAllThreads (HandshakeForDeflation) done
Event: 22310.376 Executing VM operation: RendezvousGCThreads
Event: 22310.376 Executing VM operation: RendezvousGCThreads done
Event: 22383.129 Executing VM operation: Cleanup
Event: 22383.129 Executing VM operation: Cleanup done
Event: 22430.623 Executing VM operation: HandshakeAllThreads (HandshakeForDeflation)
Event: 22430.623 Executing VM operation: HandshakeAllThreads (HandshakeForDeflation) done
Event: 22430.623 Executing VM operation: RendezvousGCThreads
Event: 22430.623 Executing VM operation: RendezvousGCThreads done

Memory protections (0 events):
No events

Nmethod flushes (20 events):
Event: 9014.517 Thread 0x0000015f2a7efab0 flushing  nmethod 0x0000015f38260f10
Event: 9014.517 Thread 0x0000015f2a7efab0 flushing  nmethod 0x0000015f2f106490
Event: 9014.517 Thread 0x0000015f2a7efab0 flushing  nmethod 0x0000015f2f1ba990
Event: 9014.517 Thread 0x0000015f2a7efab0 flushing  nmethod 0x0000015f2f1d1910
Event: 9014.517 Thread 0x0000015f2a7efab0 flushing  nmethod 0x0000015f2f371b90
Event: 9014.517 Thread 0x0000015f2a7efab0 flushing  nmethod 0x0000015f2fa2b390
Event: 9014.517 Thread 0x0000015f2a7efab0 flushing  nmethod 0x0000015f2fce2b90
Event: 9014.517 Thread 0x0000015f2a7efab0 flushing  nmethod 0x0000015f2fcedb10
Event: 9014.517 Thread 0x0000015f2a7efab0 flushing  nmethod 0x0000015f2fd04d10
Event: 9014.517 Thread 0x0000015f2a7efab0 flushing  nmethod 0x0000015f30241510
Event: 9014.517 Thread 0x0000015f2a7efab0 flushing  nmethod 0x0000015f303c6990
Event: 9014.517 Thread 0x0000015f2a7efab0 flushing  nmethod 0x0000015f30643910
Event: 9014.517 Thread 0x0000015f2a7efab0 flushing  nmethod 0x0000015f307ca510
Event: 9014.517 Thread 0x0000015f2a7efab0 flushing  nmethod 0x0000015f30ccd990
Event: 9014.517 Thread 0x0000015f2a7efab0 flushing  nmethod 0x0000015f30ff6910
Event: 9014.517 Thread 0x0000015f2a7efab0 flushing  nmethod 0x0000015f315b8190
Event: 9014.517 Thread 0x0000015f2a7efab0 flushing  nmethod 0x0000015f318b4010
Event: 9014.517 Thread 0x0000015f2a7efab0 flushing  nmethod 0x0000015f31ce3890
Event: 9014.517 Thread 0x0000015f2a7efab0 flushing  nmethod 0x0000015f31d26b10
Event: 9014.517 Thread 0x0000015f2a7efab0 flushing  nmethod 0x0000015f320af210

Events (20 events):
Event: 22087.915 Thread 0x0000015f8fb18560 Thread added: 0x0000015f8d4ca620
Event: 22087.915 Thread 0x0000015f8fb17840 Thread added: 0x0000015f8d4c71a0
Event: 22087.915 Thread 0x0000015f8fb16b20 Thread added: 0x0000015f8d4c9900
Event: 22087.915 Thread 0x0000015f8d4ca620 Thread added: 0x0000015f8d4c8be0
Event: 22087.916 Thread 0x0000015f8fb17ed0 Thread added: 0x0000015f8d4c9f90
Event: 22087.922 Thread 0x0000015f8fb17ed0 Thread added: 0x0000015f8d4cacb0
Event: 22142.945 Thread 0x0000015f8fb12980 Thread exited: 0x0000015f8fb12980
Event: 22142.993 Thread 0x0000015f8fe36890 Thread exited: 0x0000015f8fe36890
Event: 22148.561 Thread 0x0000015f8fb13d30 Thread exited: 0x0000015f8fb13d30
Event: 22208.567 Thread 0x0000015f8fb18560 Thread exited: 0x0000015f8fb18560
Event: 22268.573 Thread 0x0000015f8d4c9900 Thread exited: 0x0000015f8d4c9900
Event: 22328.578 Thread 0x0000015f8fb136a0 Thread exited: 0x0000015f8fb136a0
Event: 22382.666 Thread 0x0000015f8fb11c60 Thread added: 0x0000015f8d4c9270
Event: 22382.668 Thread 0x0000015f8d4c9270 Thread exited: 0x0000015f8d4c9270
Event: 22382.835 Thread 0x0000015f8fb15770 Thread exited: 0x0000015f8fb15770
Event: 22388.591 Thread 0x0000015f8fb17ed0 Thread exited: 0x0000015f8fb17ed0
Event: 22448.598 Thread 0x0000015f8fb16b20 Thread exited: 0x0000015f8fb16b20
Event: 22508.609 Thread 0x0000015f8fb18bf0 Thread exited: 0x0000015f8fb18bf0
Event: 22568.612 Thread 0x0000015f8d4c71a0 Thread exited: 0x0000015f8d4c71a0
Event: 22628.617 Thread 0x0000015f8d4cacb0 Thread exited: 0x0000015f8d4cacb0


Dynamic libraries:
0x00007ff62b230000 - 0x00007ff62b23e000 	c:\Users\DELL\.cursor\extensions\redhat.java-1.47.0-win32-x64\jre\21.0.8-win32-x86_64\bin\java.exe
0x00007fff86cc0000 - 0x00007fff86f29000 	C:\WINDOWS\SYSTEM32\ntdll.dll
0x00007fff84a90000 - 0x00007fff84b59000 	C:\WINDOWS\System32\KERNEL32.DLL
0x00007fff84690000 - 0x00007fff84a83000 	C:\WINDOWS\System32\KERNELBASE.dll
0x00007fff84410000 - 0x00007fff8455b000 	C:\WINDOWS\System32\ucrtbase.dll
0x00007fff1afb0000 - 0x00007fff1afce000 	c:\Users\DELL\.cursor\extensions\redhat.java-1.47.0-win32-x64\jre\21.0.8-win32-x86_64\bin\VCRUNTIME140.dll
0x00007fff1b7e0000 - 0x00007fff1b7f8000 	c:\Users\DELL\.cursor\extensions\redhat.java-1.47.0-win32-x64\jre\21.0.8-win32-x86_64\bin\jli.dll
0x00007fff86670000 - 0x00007fff86834000 	C:\WINDOWS\System32\USER32.dll
0x00007fff6c0e0000 - 0x00007fff6c373000 	C:\WINDOWS\WinSxS\amd64_microsoft.windows.common-controls_6595b64144ccf1df_6.0.26100.5074_none_3e0d6f78e32fd63f\COMCTL32.dll
0x00007fff84270000 - 0x00007fff84297000 	C:\WINDOWS\System32\win32u.dll
0x00007fff869c0000 - 0x00007fff86a69000 	C:\WINDOWS\System32\msvcrt.dll
0x00007fff856a0000 - 0x00007fff856cb000 	C:\WINDOWS\System32\GDI32.dll
0x00007fff83e50000 - 0x00007fff83f7d000 	C:\WINDOWS\System32\gdi32full.dll
0x00007fff84040000 - 0x00007fff840e3000 	C:\WINDOWS\System32\msvcp_win.dll
0x00007fff856d0000 - 0x00007fff856ff000 	C:\WINDOWS\System32\IMM32.DLL
0x00007fff53e30000 - 0x00007fff53e3c000 	c:\Users\DELL\.cursor\extensions\redhat.java-1.47.0-win32-x64\jre\21.0.8-win32-x86_64\bin\vcruntime140_1.dll
0x00007fff14a90000 - 0x00007fff14b1d000 	c:\Users\DELL\.cursor\extensions\redhat.java-1.47.0-win32-x64\jre\21.0.8-win32-x86_64\bin\msvcp140.dll
0x00007ffef8fe0000 - 0x00007ffef9d77000 	c:\Users\DELL\.cursor\extensions\redhat.java-1.47.0-win32-x64\jre\21.0.8-win32-x86_64\bin\server\jvm.dll
0x00007fff86a70000 - 0x00007fff86b24000 	C:\WINDOWS\System32\ADVAPI32.dll
0x00007fff861e0000 - 0x00007fff86286000 	C:\WINDOWS\System32\sechost.dll
0x00007fff85140000 - 0x00007fff85258000 	C:\WINDOWS\System32\RPCRT4.dll
0x00007fff84bb0000 - 0x00007fff84c24000 	C:\WINDOWS\System32\WS2_32.dll
0x00007fff82a90000 - 0x00007fff82aee000 	C:\WINDOWS\SYSTEM32\POWRPROF.dll
0x00007fff7b810000 - 0x00007fff7b81b000 	C:\WINDOWS\SYSTEM32\VERSION.dll
0x00007fff808f0000 - 0x00007fff80925000 	C:\WINDOWS\SYSTEM32\WINMM.dll
0x00007fff82a70000 - 0x00007fff82a84000 	C:\WINDOWS\SYSTEM32\UMPDC.dll
0x00007fff82d50000 - 0x00007fff82d6b000 	C:\WINDOWS\SYSTEM32\kernel.appcore.dll
0x00007fff51f50000 - 0x00007fff51f5a000 	c:\Users\DELL\.cursor\extensions\redhat.java-1.47.0-win32-x64\jre\21.0.8-win32-x86_64\bin\jimage.dll
0x00007fff81670000 - 0x00007fff818b2000 	C:\WINDOWS\SYSTEM32\DBGHELP.DLL
0x00007fff86290000 - 0x00007fff8660b000 	C:\WINDOWS\System32\combase.dll
0x00007fff86840000 - 0x00007fff86917000 	C:\WINDOWS\System32\OLEAUT32.dll
0x00007fff6a310000 - 0x00007fff6a34d000 	C:\WINDOWS\SYSTEM32\dbgcore.DLL
0x00007fff845f0000 - 0x00007fff84689000 	C:\WINDOWS\System32\bcryptPrimitives.dll
0x00007fff4d380000 - 0x00007fff4d38f000 	c:\Users\DELL\.cursor\extensions\redhat.java-1.47.0-win32-x64\jre\21.0.8-win32-x86_64\bin\instrument.dll
0x00007fff1af90000 - 0x00007fff1afaf000 	c:\Users\DELL\.cursor\extensions\redhat.java-1.47.0-win32-x64\jre\21.0.8-win32-x86_64\bin\java.dll
0x00007fff85a90000 - 0x00007fff861dd000 	C:\WINDOWS\System32\SHELL32.dll
0x00007fff842a0000 - 0x00007fff8440c000 	C:\WINDOWS\System32\wintypes.dll
0x00007fff81aa0000 - 0x00007fff822f9000 	C:\WINDOWS\SYSTEM32\windows.storage.dll
0x00007fff86b60000 - 0x00007fff86c50000 	C:\WINDOWS\System32\SHCORE.dll
0x00007fff850c0000 - 0x00007fff85122000 	C:\WINDOWS\System32\shlwapi.dll
0x00007fff83d70000 - 0x00007fff83d99000 	C:\WINDOWS\SYSTEM32\profapi.dll
0x00007fff1ae20000 - 0x00007fff1ae38000 	c:\Users\DELL\.cursor\extensions\redhat.java-1.47.0-win32-x64\jre\21.0.8-win32-x86_64\bin\zip.dll
0x00007fff4cb60000 - 0x00007fff4cb70000 	C:\Users\DELL\.cursor\extensions\redhat.java-1.47.0-win32-x64\jre\21.0.8-win32-x86_64\bin\net.dll
0x00007fff7cae0000 - 0x00007fff7cbff000 	C:\WINDOWS\SYSTEM32\WINHTTP.dll
0x00007fff832d0000 - 0x00007fff8333b000 	C:\WINDOWS\system32\mswsock.dll
0x00007fff1ae00000 - 0x00007fff1ae16000 	C:\Users\DELL\.cursor\extensions\redhat.java-1.47.0-win32-x64\jre\21.0.8-win32-x86_64\bin\nio.dll
0x00007fff4b6c0000 - 0x00007fff4b6d0000 	c:\Users\DELL\.cursor\extensions\redhat.java-1.47.0-win32-x64\jre\21.0.8-win32-x86_64\bin\verify.dll
0x00007fff149b0000 - 0x00007fff149f4000 	C:\Users\DELL\AppData\Roaming\Cursor\User\globalStorage\redhat.java\1.47.0\config_win\org.eclipse.equinox.launcher\org.eclipse.equinox.launcher.win32.win32.x86_64_1.2.1400.v20250801-0854\eclipse_11916.dll
0x00007fff85710000 - 0x00007fff858a8000 	C:\WINDOWS\System32\ole32.dll
0x00007fff83580000 - 0x00007fff8359b000 	C:\WINDOWS\SYSTEM32\CRYPTSP.dll
0x00007fff82cb0000 - 0x00007fff82ceb000 	C:\WINDOWS\system32\rsaenh.dll
0x00007fff83370000 - 0x00007fff8339b000 	C:\WINDOWS\SYSTEM32\USERENV.dll
0x00007fff83d40000 - 0x00007fff83d66000 	C:\WINDOWS\SYSTEM32\bcrypt.dll
0x00007fff83570000 - 0x00007fff8357c000 	C:\WINDOWS\SYSTEM32\CRYPTBASE.dll
0x00007fff826f0000 - 0x00007fff82724000 	C:\WINDOWS\SYSTEM32\IPHLPAPI.DLL
0x00007fff85130000 - 0x00007fff8513a000 	C:\WINDOWS\System32\NSI.dll
0x00007fff17860000 - 0x00007fff178a9000 	C:\Users\DELL\AppData\Local\Temp\jna-2094529\jna15148428266276182488.dll
0x00007fff86920000 - 0x00007fff86928000 	C:\WINDOWS\System32\PSAPI.DLL
0x00007fff7d0d0000 - 0x00007fff7d0ee000 	C:\WINDOWS\SYSTEM32\dhcpcsvc6.DLL
0x00007fff7d0a0000 - 0x00007fff7d0c3000 	C:\WINDOWS\SYSTEM32\dhcpcsvc.DLL
0x00007fff49600000 - 0x00007fff4960e000 	C:\Users\DELL\.cursor\extensions\redhat.java-1.47.0-win32-x64\jre\21.0.8-win32-x86_64\bin\sunmscapi.dll
0x00007fff840f0000 - 0x00007fff84267000 	C:\WINDOWS\System32\CRYPT32.dll
0x00007fff83790000 - 0x00007fff837c0000 	C:\WINDOWS\SYSTEM32\ncrypt.dll
0x00007fff83740000 - 0x00007fff8377f000 	C:\WINDOWS\SYSTEM32\NTASN1.dll
0x00007fff82790000 - 0x00007fff828b6000 	C:\WINDOWS\SYSTEM32\DNSAPI.dll
0x00007fff7c1c0000 - 0x00007fff7c1cb000 	C:\Windows\System32\rasadhlp.dll
0x00007fff7d2d0000 - 0x00007fff7d356000 	C:\WINDOWS\System32\fwpuclnt.dll
0x00007fff483a0000 - 0x00007fff483a9000 	C:\Users\DELL\.cursor\extensions\redhat.java-1.47.0-win32-x64\jre\21.0.8-win32-x86_64\bin\extnet.dll
0x00007fff82e70000 - 0x00007fff82ea6000 	C:\WINDOWS\SYSTEM32\ntmarta.dll

JVMTI agents:
c:\Users\DELL\.cursor\extensions\redhat.java-1.47.0-win32-x64\lombok\lombok-1.18.39-4050.jar path:c:\Users\DELL\.cursor\extensions\redhat.java-1.47.0-win32-x64\jre\21.0.8-win32-x86_64\bin\instrument.dll, loaded, initialized, instrumentlib options:none

dbghelp: loaded successfully - version: 4.0.5 - missing functions: none
symbol engine: initialized successfully - sym options: 0x614 - pdb path: .;c:\Users\DELL\.cursor\extensions\redhat.java-1.47.0-win32-x64\jre\21.0.8-win32-x86_64\bin;C:\WINDOWS\SYSTEM32;C:\WINDOWS\WinSxS\amd64_microsoft.windows.common-controls_6595b64144ccf1df_6.0.26100.5074_none_3e0d6f78e32fd63f;c:\Users\DELL\.cursor\extensions\redhat.java-1.47.0-win32-x64\jre\21.0.8-win32-x86_64\bin\server;C:\Users\DELL\AppData\Roaming\Cursor\User\globalStorage\redhat.java\1.47.0\config_win\org.eclipse.equinox.launcher\org.eclipse.equinox.launcher.win32.win32.x86_64_1.2.1400.v20250801-0854;C:\Users\DELL\AppData\Local\Temp\jna-2094529

VM Arguments:
jvm_args: --add-modules=ALL-SYSTEM --add-opens=java.base/java.util=ALL-UNNAMED --add-opens=java.base/java.lang=ALL-UNNAMED --add-opens=java.base/sun.nio.fs=ALL-UNNAMED -Declipse.application=org.eclipse.jdt.ls.core.id1 -Dosgi.bundles.defaultStartLevel=4 -Declipse.product=org.eclipse.jdt.ls.core.product -Djava.import.generatesMetadataFilesAtProjectRoot=false -DDetectVMInstallationsJob.disabled=true -Dfile.encoding=utf8 -XX:+UseParallelGC -XX:GCTimeRatio=4 -XX:AdaptiveSizePolicyWeight=90 -Dsun.zip.disableMemoryMapping=true -Xmx2G -Xms100m -Xlog:disable -javaagent:c:\Users\DELL\.cursor\extensions\redhat.java-1.47.0-win32-x64\lombok\lombok-1.18.39-4050.jar -XX:+HeapDumpOnOutOfMemoryError -XX:HeapDumpPath=c:\Users\DELL\AppData\Roaming\Cursor\User\workspaceStorage\cbc297099f48c87fd30593b2eda744e6\redhat.java -Daether.dependencyCollector.impl=bf 
java_command: c:\Users\DELL\.cursor\extensions\redhat.java-1.47.0-win32-x64\server\plugins\org.eclipse.equinox.launcher_1.7.100.v20251014-1222.jar -configuration c:\Users\DELL\AppData\Roaming\Cursor\User\globalStorage\redhat.java\1.47.0\config_win -data c:\Users\DELL\AppData\Roaming\Cursor\User\workspaceStorage\cbc297099f48c87fd30593b2eda744e6\redhat.java\jdt_ws --pipe=\\.\pipe\lsp-0ed9933f0b7f6561bb0efa9a1b655ae9-sock
java_class_path (initial): c:\Users\DELL\.cursor\extensions\redhat.java-1.47.0-win32-x64\server\plugins\org.eclipse.equinox.launcher_1.7.100.v20251014-1222.jar
Launcher Type: SUN_STANDARD

[Global flags]
    uintx AdaptiveSizePolicyWeight                 = 90                                        {product} {command line}
     intx CICompilerCount                          = 12                                        {product} {ergonomic}
    uintx GCTimeRatio                              = 4                                         {product} {command line}
     bool HeapDumpOnOutOfMemoryError               = true                                   {manageable} {command line}
    ccstr HeapDumpPath                             = c:\Users\DELL\AppData\Roaming\Cursor\User\workspaceStorage\cbc297099f48c87fd30593b2eda744e6\redhat.java         {manageable} {command line}
   size_t InitialHeapSize                          = 104857600                                 {product} {command line}
   size_t MaxHeapSize                              = 2147483648                                {product} {command line}
   size_t MaxNewSize                               = 715653120                                 {product} {ergonomic}
   size_t MinHeapDeltaBytes                        = 524288                                    {product} {ergonomic}
   size_t MinHeapSize                              = 104857600                                 {product} {command line}
   size_t NewSize                                  = 34603008                                  {product} {ergonomic}
    uintx NonNMethodCodeHeapSize                   = 7602480                                {pd product} {ergonomic}
    uintx NonProfiledCodeHeapSize                  = 122027880                              {pd product} {ergonomic}
   size_t OldSize                                  = 70254592                                  {product} {ergonomic}
    uintx ProfiledCodeHeapSize                     = 122027880                              {pd product} {ergonomic}
    uintx ReservedCodeCacheSize                    = 251658240                              {pd product} {ergonomic}
     bool SegmentedCodeCache                       = true                                      {product} {ergonomic}
   size_t SoftMaxHeapSize                          = 2147483648                             {manageable} {ergonomic}
     bool UseCompressedOops                        = true                           {product lp64_product} {ergonomic}
     bool UseLargePagesIndividualAllocation        = false                                  {pd product} {ergonomic}
     bool UseParallelGC                            = true                                      {product} {command line}

Logging:
Log output configuration:
 #0: stdout all=off uptime,level,tags foldmultilines=false
 #1: stderr all=off uptime,level,tags foldmultilines=false

Environment Variables:
JAVA_HOME=C:\Program Files\Java\jdk-21
CLASSPATH=.;C:\Program Files\Java\jdk1.8.0_172\lib;C:\Program Files\Java\jdk1.8.0_172\jre\lib
PATH=D:\App\ngrok-v3-stable-windows-amd64;C:\Program Files\Common Files\Oracle\Java\javapath;C:\Windows\system32;C:\Windows;C:\Windows\System32\Wbem;C:\Windows\System32\WindowsPowerShell\v1.0\;C:\Windows\System32\OpenSSH\;C:\Program Files\dotnet\;C:\Program Files (x86)\NVIDIA Corporation\PhysX\Common;C:\Program Files\NVIDIA Corporation\NVIDIA app\NvDLISR;C:\Program Files (x86)\Microsoft SQL Server\150\Tools\Binn\;C:\Program Files\Microsoft SQL Server\150\Tools\Binn\;C:\Program Files (x86)\Microsoft SQL Server\150\DTS\Binn\;C:\Program Files\Microsoft SQL Server\150\DTS\Binn\;C:\Program Files\Microsoft SQL Server\Client SDK\ODBC\170\Tools\Binn\;C:\Program Files\Java\jdk1.8.0_172\bin;C:\WINDOWS\system32;C:\WINDOWS;C:\WINDOWS\System32\Wbem;C:\WINDOWS\System32\WindowsPowerShell\v1.0\;C:\WINDOWS\System32\OpenSSH\;C:\ProgramData\chocolatey\bin;D:\App\Git\cmd;C:\Program Files\Docker\Docker\resources\bin;D:\App\PuTTY\;D:\App\cursor\resources\app\bin;D:\App\nodejs\;C:\Program Files\Java\jdk-21\bin;\Program Files\Java\jdk-21\bin;D:\App\Microsoft VS Code\bin;C:\Users\DELL\AppData\Local\Microsoft\WindowsApps;C:\Users\DELL\.m2\wrapper\dists\apache-maven-3.9.11\03d7e36a140982eea48e22c1dcac01d8862b2550b2939e09a0809bbc5182a5bc\bin;C:\Users\DELL\.m2\wrapper\dists\apache-maven-3.9.11-bin\6mqf5t809d9geo83kj4ttckcbc\apache-maven-3.9.11\bin;C:\Users\DELL\AppData\Local\Python\bin;C:\Users\DELL\AppData\Roaming\npm
USERNAME=DELL
OS=Windows_NT
PROCESSOR_IDENTIFIER=Intel64 Family 6 Model 183 Stepping 1, GenuineIntel
TMP=C:\Users\DELL\AppData\Local\Temp
TEMP=C:\Users\DELL\AppData\Local\Temp




Periodic native trim disabled

---------------  S Y S T E M  ---------------

OS:
 Windows 11 , 64 bit Build 26100 (10.0.26100.5074)
OS uptime: 15 days 16:54 hours
Hyper-V role detected

CPU: total 20 (initial active 20) (10 cores per cpu, 2 threads per core) family 6 model 183 stepping 1 microcode 0x12c, cx8, cmov, fxsr, ht, mmx, 3dnowpref, sse, sse2, sse3, ssse3, sse4.1, sse4.2, popcnt, lzcnt, tsc, tscinvbit, avx, avx2, aes, erms, clmul, bmi1, bmi2, adx, sha, fma, vzeroupper, clflush, clflushopt, clwb, hv, serialize, rdtscp, rdpid, fsrm, f16c, cet_ibt, cet_ss
Processor Information for processor 0
  Max Mhz: 2600, Current Mhz: 2600, Mhz Limit: 2600
Processor Information for processor 1
  Max Mhz: 2600, Current Mhz: 2600, Mhz Limit: 2600
Processor Information for processor 2
  Max Mhz: 2600, Current Mhz: 2600, Mhz Limit: 2600
Processor Information for processor 3
  Max Mhz: 2600, Current Mhz: 2600, Mhz Limit: 2600
Processor Information for processor 4
  Max Mhz: 2600, Current Mhz: 2600, Mhz Limit: 2600
Processor Information for processor 5
  Max Mhz: 2600, Current Mhz: 2600, Mhz Limit: 2600
Processor Information for processor 6
  Max Mhz: 2600, Current Mhz: 2600, Mhz Limit: 2600
Processor Information for processor 7
  Max Mhz: 2600, Current Mhz: 2600, Mhz Limit: 2600
Processor Information for processor 8
  Max Mhz: 2600, Current Mhz: 1496, Mhz Limit: 2600
Processor Information for processor 9
  Max Mhz: 2600, Current Mhz: 2600, Mhz Limit: 2600
Processor Information for processor 10
  Max Mhz: 2600, Current Mhz: 2600, Mhz Limit: 2600
Processor Information for processor 11
  Max Mhz: 2600, Current Mhz: 2600, Mhz Limit: 2600
Processor Information for processor 12
  Max Mhz: 2600, Current Mhz: 2600, Mhz Limit: 2600
Processor Information for processor 13
  Max Mhz: 2600, Current Mhz: 2600, Mhz Limit: 2600
Processor Information for processor 14
  Max Mhz: 2600, Current Mhz: 1505, Mhz Limit: 2600
Processor Information for processor 15
  Max Mhz: 2600, Current Mhz: 2600, Mhz Limit: 2600
Processor Information for processor 16
  Max Mhz: 2600, Current Mhz: 1505, Mhz Limit: 2600
Processor Information for processor 17
  Max Mhz: 2600, Current Mhz: 2600, Mhz Limit: 2600
Processor Information for processor 18
  Max Mhz: 2600, Current Mhz: 2600, Mhz Limit: 2600
Processor Information for processor 19
  Max Mhz: 2600, Current Mhz: 2600, Mhz Limit: 2600

Memory: 4k page, system-wide physical 16068M (761M free)
TotalPageFile size 48568M (AvailPageFile size 13M)
current process WorkingSet (physical memory assigned to process): 200M, peak: 1764M
current process commit charge ("private bytes"): 1368M, peak: 1880M

vm_info: OpenJDK 64-Bit Server VM (21.0.8+9-LTS) for windows-amd64 JRE (21.0.8+9-LTS), built on 2025-07-15T00:00:00Z by "admin" with MS VC++ 17.7 (VS2022)

END.
