#
# There is insufficient memory for the Java Runtime Environment to continue.
# Native memory allocation (malloc) failed to allocate 1535536 bytes. Error detail: Chunk::new
# Possible reasons:
#   The system is out of physical RAM or swap space
#   This process is running with CompressedOops enabled, and the Java Heap may be blocking the growth of the native heap
# Possible solutions:
#   Reduce memory load on the system
#   Increase physical memory or swap space
#   Check if swap backing store is full
#   Decrease Java heap size (-Xmx/-Xms)
#   Decrease number of Java threads
#   Decrease Java thread stack sizes (-Xss)
#   Set larger code cache with -XX:ReservedCodeCacheSize=
#   JVM is running with Unscaled Compressed Oops mode in which the Java heap is
#     placed in the first 4GB address space. The Java Heap base address is the
#     maximum limit for the native heap growth. Please use -XX:HeapBaseMinAddress
#     to set the Java Heap base and to place the Java Heap above 4GB virtual address.
# This output file may be truncated or incomplete.
#
#  Out of Memory Error (arena.cpp:168), pid=39860, tid=39092
#
# JRE version: OpenJDK Runtime Environment Temurin-21.0.8+9 (21.0.8+9) (build 21.0.8+9-LTS)
# Java VM: OpenJDK 64-Bit Server VM Temurin-21.0.8+9 (21.0.8+9-LTS, mixed mode, sharing, tiered, compressed oops, compressed class ptrs, parallel gc, windows-amd64)
# No core dump will be written. Minidumps are not enabled by default on client versions of Windows
#

---------------  S U M M A R Y ------------

Command Line: --add-modules=ALL-SYSTEM --add-opens=java.base/java.util=ALL-UNNAMED --add-opens=java.base/java.lang=ALL-UNNAMED --add-opens=java.base/sun.nio.fs=ALL-UNNAMED -Declipse.application=org.eclipse.jdt.ls.core.id1 -Dosgi.bundles.defaultStartLevel=4 -Declipse.product=org.eclipse.jdt.ls.core.product -Djava.import.generatesMetadataFilesAtProjectRoot=false -DDetectVMInstallationsJob.disabled=true -Dfile.encoding=utf8 -XX:+UseParallelGC -XX:GCTimeRatio=4 -XX:AdaptiveSizePolicyWeight=90 -Dsun.zip.disableMemoryMapping=true -Xmx2G -Xms100m -Xlog:disable -javaagent:c:\Users\DELL\.cursor\extensions\redhat.java-1.47.0-win32-x64\lombok\lombok-1.18.39-4050.jar -XX:+HeapDumpOnOutOfMemoryError -XX:HeapDumpPath=c:\Users\DELL\AppData\Roaming\Cursor\User\workspaceStorage\cbc297099f48c87fd30593b2eda744e6\redhat.java -Daether.dependencyCollector.impl=bf c:\Users\DELL\.cursor\extensions\redhat.java-1.47.0-win32-x64\server\plugins\org.eclipse.equinox.launcher_1.7.100.v20251014-1222.jar -configuration c:\Users\DELL\AppData\Roaming\Cursor\User\globalStorage\redhat.java\1.47.0\config_win -data c:\Users\DELL\AppData\Roaming\Cursor\User\workspaceStorage\cbc297099f48c87fd30593b2eda744e6\redhat.java\jdt_ws --pipe=\\.\pipe\lsp-1f6cc39bbbf4d2341b9bc22847e02aba-sock

Host: 13th Gen Intel(R) Core(TM) i7-13650HX, 20 cores, 15G,  Windows 11 , 64 bit Build 26100 (10.0.26100.5074)
Time: Sat Nov 15 17:59:21 2025 SE Asia Standard Time elapsed time: 3986.048345 seconds (0d 1h 6m 26s)

---------------  T H R E A D  ---------------

Current thread (0x000001bf029dfa90):  JavaThread "C2 CompilerThread0" daemon [_thread_in_native, id=39092, stack(0x0000007a2b200000,0x0000007a2b300000) (1024K)]


Current CompileTask:
C2:3986048 21830   !   4       java.io.ObjectOutputStream::writeObject0 (620 bytes)

Stack: [0x0000007a2b200000,0x0000007a2b300000]
Native frames: (J=compiled Java code, j=interpreted, Vv=VM code, C=native code)
V  [jvm.dll+0x6d2449]
V  [jvm.dll+0x8ae341]
V  [jvm.dll+0x8b08be]
V  [jvm.dll+0x8b0fa3]
V  [jvm.dll+0x280c96]
V  [jvm.dll+0xc581d]
V  [jvm.dll+0xc5d53]
V  [jvm.dll+0x3b9162]
V  [jvm.dll+0x385315]
V  [jvm.dll+0x38477a]
V  [jvm.dll+0x248ed0]
V  [jvm.dll+0x2484af]
V  [jvm.dll+0x1c89ee]
V  [jvm.dll+0x257d4d]
V  [jvm.dll+0x2562ea]
V  [jvm.dll+0x3f2d16]
V  [jvm.dll+0x857e6b]
V  [jvm.dll+0x6d0b0d]
C  [ucrtbase.dll+0x37b0]
C  [KERNEL32.DLL+0x2e8d7]
C  [ntdll.dll+0x8d9c]


---------------  P R O C E S S  ---------------

Threads class SMR info:
_java_thread_list=0x000001bf664b3630, length=96, elements={
0x000001bf0292cad0, 0x000001bf029d41c0, 0x000001bf029d5070, 0x000001bf029db990,
0x000001bf029de130, 0x000001bf029de9f0, 0x000001bf029df050, 0x000001bf029dfa90,
0x000001bf029ebb70, 0x000001bf5d9d5a70, 0x000001bf5f7657d0, 0x000001bf5f7f76a0,
0x000001bf641d9420, 0x000001bf641b5d70, 0x000001bf64201430, 0x000001bf647b65f0,
0x000001bf647b6c80, 0x000001bf647b7310, 0x000001bf647b4bb0, 0x000001bf647b5240,
0x000001bf647b79a0, 0x000001bf65ef08b0, 0x000001bf65ef1c60, 0x000001bf65ef2980,
0x000001bf65eef500, 0x000001bf65ef15d0, 0x000001bf65ef0220, 0x000001bf65ef0f40,
0x000001bf65eefb90, 0x000001bf663fc050, 0x000001bf663fb330, 0x000001bf663fc6e0,
0x000001bf663fb9c0, 0x000001bf663fcd70, 0x000001bf663fd400, 0x000001bf663faca0,
0x000001bf663fe120, 0x000001bf66400880, 0x000001bf664001f0, 0x000001bf663fda90,
0x000001bf663fee40, 0x000001bf66400f10, 0x000001bf663ffb60, 0x000001bf664015a0,
0x000001bf66401c30, 0x000001bf768ca900, 0x000001bf768cc9d0, 0x000001bf768cdd80,
0x000001bf768ceaa0, 0x000001bf768ce410, 0x000001bf768cd060, 0x000001bf768cf130,
0x000001bf768cd6f0, 0x000001bf5fa056c0, 0x000001bf5fa063e0, 0x000001bf5fa02f60,
0x000001bf5fa035f0, 0x000001bf5fa07100, 0x000001bf5fa03c80, 0x000001bf5fa07790,
0x000001bf5fa04310, 0x000001bf5fa049a0, 0x000001bf5fa084b0, 0x000001bf5fa08b40,
0x000001bf5fa091d0, 0x000001bf5fa09860, 0x000001bf5fa0a580, 0x000001bf6a884430,
0x000001bf6a887220, 0x000001bf6a885150, 0x000001bf6a885e70, 0x000001bf6a886500,
0x000001bf6a886b90, 0x000001bf6a883da0, 0x000001bf6a8892f0, 0x000001bf6a88ad30,
0x000001bf6a8885d0, 0x000001bf6a888c60, 0x000001bf6a889980, 0x000001bf6a88a6a0,
0x000001bf6a88b3c0, 0x000001bf6a88a010, 0x000001bf666eed50, 0x000001bf666f0e20,
0x000001bf666f2860, 0x000001bf666f14b0, 0x000001bf666efa70, 0x000001bf666f3580,
0x000001bf666f4fc0, 0x000001bf666f1b40, 0x000001bf666f2ef0, 0x000001bf666f6370,
0x000001bf666f3c10, 0x000001bf666f42a0, 0x000001bf666f4930, 0x000001bf6735b810
}

Java Threads: ( => current thread )
  0x000001bf0292cad0 JavaThread "main"                              [_thread_blocked, id=23380, stack(0x0000007a2a800000,0x0000007a2a900000) (1024K)]
  0x000001bf029d41c0 JavaThread "Reference Handler"          daemon [_thread_blocked, id=15084, stack(0x0000007a2ac00000,0x0000007a2ad00000) (1024K)]
  0x000001bf029d5070 JavaThread "Finalizer"                  daemon [_thread_blocked, id=40980, stack(0x0000007a2ad00000,0x0000007a2ae00000) (1024K)]
  0x000001bf029db990 JavaThread "Signal Dispatcher"          daemon [_thread_blocked, id=41364, stack(0x0000007a2ae00000,0x0000007a2af00000) (1024K)]
  0x000001bf029de130 JavaThread "Attach Listener"            daemon [_thread_blocked, id=15788, stack(0x0000007a2af00000,0x0000007a2b000000) (1024K)]
  0x000001bf029de9f0 JavaThread "Service Thread"             daemon [_thread_blocked, id=29516, stack(0x0000007a2b000000,0x0000007a2b100000) (1024K)]
  0x000001bf029df050 JavaThread "Monitor Deflation Thread"   daemon [_thread_blocked, id=38132, stack(0x0000007a2b100000,0x0000007a2b200000) (1024K)]
=>0x000001bf029dfa90 JavaThread "C2 CompilerThread0"         daemon [_thread_in_native, id=39092, stack(0x0000007a2b200000,0x0000007a2b300000) (1024K)]
  0x000001bf029ebb70 JavaThread "C1 CompilerThread0"         daemon [_thread_blocked, id=38416, stack(0x0000007a2b300000,0x0000007a2b400000) (1024K)]
  0x000001bf5d9d5a70 JavaThread "Common-Cleaner"             daemon [_thread_blocked, id=37996, stack(0x0000007a2b500000,0x0000007a2b600000) (1024K)]
  0x000001bf5f7657d0 JavaThread "Notification Thread"        daemon [_thread_blocked, id=29960, stack(0x0000007a2b700000,0x0000007a2b800000) (1024K)]
  0x000001bf5f7f76a0 JavaThread "Active Thread: Equinox Container: 2445b272-444c-49f1-bd06-db8f82759cef"        [_thread_blocked, id=36492, stack(0x0000007a2c100000,0x0000007a2c200000) (1024K)]
  0x000001bf641d9420 JavaThread "Refresh Thread: Equinox Container: 2445b272-444c-49f1-bd06-db8f82759cef" daemon [_thread_blocked, id=36108, stack(0x0000007a2c300000,0x0000007a2c400000) (1024K)]
  0x000001bf641b5d70 JavaThread "Framework Event Dispatcher: Equinox Container: 2445b272-444c-49f1-bd06-db8f82759cef" daemon [_thread_blocked, id=16616, stack(0x0000007a2c400000,0x0000007a2c500000) (1024K)]
  0x000001bf64201430 JavaThread "Start Level: Equinox Container: 2445b272-444c-49f1-bd06-db8f82759cef" daemon [_thread_blocked, id=34588, stack(0x0000007a2c500000,0x0000007a2c600000) (1024K)]
  0x000001bf647b65f0 JavaThread "Bundle File Closer"         daemon [_thread_blocked, id=25984, stack(0x0000007a2c800000,0x0000007a2c900000) (1024K)]
  0x000001bf647b6c80 JavaThread "SCR Component Actor"        daemon [_thread_blocked, id=20112, stack(0x0000007a2bf00000,0x0000007a2c000000) (1024K)]
  0x000001bf647b7310 JavaThread "Worker-JM"                         [_thread_blocked, id=36296, stack(0x0000007a2cb00000,0x0000007a2cc00000) (1024K)]
  0x000001bf647b4bb0 JavaThread "JNA Cleaner"                daemon [_thread_blocked, id=17908, stack(0x0000007a2b800000,0x0000007a2b900000) (1024K)]
  0x000001bf647b5240 JavaThread "Worker-1: Building"                [_thread_in_Java, id=1688, stack(0x0000007a2ce00000,0x0000007a2cf00000) (1024K)]
  0x000001bf647b79a0 JavaThread "Java indexing"              daemon [_thread_blocked, id=31892, stack(0x0000007a2d300000,0x0000007a2d400000) (1024K)]
  0x000001bf65ef08b0 JavaThread "Thread-1"                   daemon [_thread_in_native, id=15668, stack(0x0000007a2d800000,0x0000007a2d900000) (1024K)]
  0x000001bf65ef1c60 JavaThread "Thread-2"                   daemon [_thread_in_native, id=32672, stack(0x0000007a2d900000,0x0000007a2da00000) (1024K)]
  0x000001bf65ef2980 JavaThread "Thread-3"                   daemon [_thread_in_native, id=39048, stack(0x0000007a2da00000,0x0000007a2db00000) (1024K)]
  0x000001bf65eef500 JavaThread "Thread-4"                   daemon [_thread_in_native, id=34284, stack(0x0000007a2db00000,0x0000007a2dc00000) (1024K)]
  0x000001bf65ef15d0 JavaThread "Thread-5"                   daemon [_thread_in_native, id=32280, stack(0x0000007a2dc00000,0x0000007a2dd00000) (1024K)]
  0x000001bf65ef0220 JavaThread "Thread-6"                   daemon [_thread_in_native, id=12312, stack(0x0000007a2dd00000,0x0000007a2de00000) (1024K)]
  0x000001bf65ef0f40 JavaThread "Thread-7"                   daemon [_thread_in_native, id=21376, stack(0x0000007a2de00000,0x0000007a2df00000) (1024K)]
  0x000001bf65eefb90 JavaThread "Thread-8"                   daemon [_thread_in_native, id=33356, stack(0x0000007a2df00000,0x0000007a2e000000) (1024K)]
  0x000001bf663fc050 JavaThread "Thread-9"                   daemon [_thread_in_native, id=29384, stack(0x0000007a2e000000,0x0000007a2e100000) (1024K)]
  0x000001bf663fb330 JavaThread "Thread-10"                  daemon [_thread_in_native, id=8876, stack(0x0000007a2e100000,0x0000007a2e200000) (1024K)]
  0x000001bf663fc6e0 JavaThread "Thread-11"                  daemon [_thread_in_native, id=4940, stack(0x0000007a2e200000,0x0000007a2e300000) (1024K)]
  0x000001bf663fb9c0 JavaThread "Thread-12"                  daemon [_thread_in_native, id=38888, stack(0x0000007a2e300000,0x0000007a2e400000) (1024K)]
  0x000001bf663fcd70 JavaThread "Thread-13"                  daemon [_thread_in_native, id=35288, stack(0x0000007a2e400000,0x0000007a2e500000) (1024K)]
  0x000001bf663fd400 JavaThread "Thread-14"                  daemon [_thread_in_native, id=9620, stack(0x0000007a2e500000,0x0000007a2e600000) (1024K)]
  0x000001bf663faca0 JavaThread "Thread-15"                  daemon [_thread_in_native, id=18792, stack(0x0000007a2e600000,0x0000007a2e700000) (1024K)]
  0x000001bf663fe120 JavaThread "Thread-16"                  daemon [_thread_in_native, id=16264, stack(0x0000007a2e700000,0x0000007a2e800000) (1024K)]
  0x000001bf66400880 JavaThread "Thread-17"                  daemon [_thread_in_native, id=22488, stack(0x0000007a2e800000,0x0000007a2e900000) (1024K)]
  0x000001bf664001f0 JavaThread "Thread-18"                  daemon [_thread_in_native, id=28824, stack(0x0000007a2e900000,0x0000007a2ea00000) (1024K)]
  0x000001bf663fda90 JavaThread "Thread-19"                  daemon [_thread_in_native, id=36936, stack(0x0000007a2ea00000,0x0000007a2eb00000) (1024K)]
  0x000001bf663fee40 JavaThread "Thread-20"                  daemon [_thread_in_native, id=36892, stack(0x0000007a2eb00000,0x0000007a2ec00000) (1024K)]
  0x000001bf66400f10 JavaThread "Thread-21"                  daemon [_thread_in_native, id=18076, stack(0x0000007a2ec00000,0x0000007a2ed00000) (1024K)]
  0x000001bf663ffb60 JavaThread "pool-2-thread-1"                   [_thread_blocked, id=2952, stack(0x0000007a2ee00000,0x0000007a2ef00000) (1024K)]
  0x000001bf664015a0 JavaThread "WorkspaceEventsHandler"            [_thread_blocked, id=40420, stack(0x0000007a2f300000,0x0000007a2f400000) (1024K)]
  0x000001bf66401c30 JavaThread "pool-1-thread-1"                   [_thread_blocked, id=12352, stack(0x0000007a2f400000,0x0000007a2f500000) (1024K)]
  0x000001bf768ca900 JavaThread "ForkJoinPool.commonPool-worker-22" daemon [_thread_blocked, id=21516, stack(0x0000007a2a700000,0x0000007a2a800000) (1024K)]
  0x000001bf768cc9d0 JavaThread "Compiler Source File Reader" daemon [_thread_blocked, id=17096, stack(0x0000007a2d100000,0x0000007a2d200000) (1024K)]
  0x000001bf768cdd80 JavaThread "LocalFile Deleter"          daemon [_thread_blocked, id=32800, stack(0x0000007a2d400000,0x0000007a2d500000) (1024K)]
  0x000001bf768ceaa0 JavaThread "LocalFile Deleter"          daemon [_thread_blocked, id=37184, stack(0x0000007a2d500000,0x0000007a2d600000) (1024K)]
  0x000001bf768ce410 JavaThread "LocalFile Deleter"          daemon [_thread_blocked, id=6660, stack(0x0000007a2d600000,0x0000007a2d700000) (1024K)]
  0x000001bf768cd060 JavaThread "LocalFile Deleter"          daemon [_thread_blocked, id=31156, stack(0x0000007a2ed00000,0x0000007a2ee00000) (1024K)]
  0x000001bf768cf130 JavaThread "LocalFile Deleter"          daemon [_thread_blocked, id=2752, stack(0x0000007a2ef00000,0x0000007a2f000000) (1024K)]
  0x000001bf768cd6f0 JavaThread "LocalFile Deleter"          daemon [_thread_blocked, id=36776, stack(0x0000007a2f000000,0x0000007a2f100000) (1024K)]
  0x000001bf5fa056c0 JavaThread "LocalFile Deleter"          daemon [_thread_blocked, id=12820, stack(0x0000007a2f200000,0x0000007a2f300000) (1024K)]
  0x000001bf5fa063e0 JavaThread "LocalFile Deleter"          daemon [_thread_blocked, id=14724, stack(0x0000007a2f500000,0x0000007a2f600000) (1024K)]
  0x000001bf5fa02f60 JavaThread "LocalFile Deleter"          daemon [_thread_blocked, id=29612, stack(0x0000007a2f600000,0x0000007a2f700000) (1024K)]
  0x000001bf5fa035f0 JavaThread "LocalFile Deleter"          daemon [_thread_blocked, id=16560, stack(0x0000007a2f700000,0x0000007a2f800000) (1024K)]
  0x000001bf5fa07100 JavaThread "LocalFile Deleter"          daemon [_thread_blocked, id=1448, stack(0x0000007a2f900000,0x0000007a2fa00000) (1024K)]
  0x000001bf5fa03c80 JavaThread "LocalFile Deleter"          daemon [_thread_blocked, id=32940, stack(0x0000007a2fa00000,0x0000007a2fb00000) (1024K)]
  0x000001bf5fa07790 JavaThread "LocalFile Deleter"          daemon [_thread_blocked, id=3364, stack(0x0000007a2fb00000,0x0000007a2fc00000) (1024K)]
  0x000001bf5fa04310 JavaThread "LocalFile Deleter"          daemon [_thread_blocked, id=12572, stack(0x0000007a2fc00000,0x0000007a2fd00000) (1024K)]
  0x000001bf5fa049a0 JavaThread "LocalFile Deleter"          daemon [_thread_blocked, id=41192, stack(0x0000007a2fe00000,0x0000007a2ff00000) (1024K)]
  0x000001bf5fa084b0 JavaThread "LocalFile Deleter"          daemon [_thread_blocked, id=41528, stack(0x0000007a2ff00000,0x0000007a30000000) (1024K)]
  0x000001bf5fa08b40 JavaThread "Compiler Source File Reader" daemon [_thread_blocked, id=33780, stack(0x0000007a30000000,0x0000007a30100000) (1024K)]
  0x000001bf5fa091d0 JavaThread "Compiler Source File Reader" daemon [_thread_blocked, id=22288, stack(0x0000007a30200000,0x0000007a30300000) (1024K)]
  0x000001bf5fa09860 JavaThread "Compiler Source File Reader" daemon [_thread_blocked, id=41968, stack(0x0000007a30300000,0x0000007a30400000) (1024K)]
  0x000001bf5fa0a580 JavaThread "Compiler Source File Reader" daemon [_thread_blocked, id=29504, stack(0x0000007a30400000,0x0000007a30500000) (1024K)]
  0x000001bf6a884430 JavaThread "Compiler Source File Reader" daemon [_thread_blocked, id=34560, stack(0x0000007a30500000,0x0000007a30600000) (1024K)]
  0x000001bf6a887220 JavaThread "Compiler Source File Reader" daemon [_thread_blocked, id=12992, stack(0x0000007a30600000,0x0000007a30700000) (1024K)]
  0x000001bf6a885150 JavaThread "Compiler Source File Reader" daemon [_thread_blocked, id=6876, stack(0x0000007a30700000,0x0000007a30800000) (1024K)]
  0x000001bf6a885e70 JavaThread "Compiler Source File Reader" daemon [_thread_blocked, id=34424, stack(0x0000007a30800000,0x0000007a30900000) (1024K)]
  0x000001bf6a886500 JavaThread "Compiler Source File Reader" daemon [_thread_blocked, id=38572, stack(0x0000007a30900000,0x0000007a30a00000) (1024K)]
  0x000001bf6a886b90 JavaThread "Compiler Source File Reader" daemon [_thread_blocked, id=32160, stack(0x0000007a30a00000,0x0000007a30b00000) (1024K)]
  0x000001bf6a883da0 JavaThread "Compiler Source File Reader" daemon [_thread_blocked, id=13792, stack(0x0000007a30b00000,0x0000007a30c00000) (1024K)]
  0x000001bf6a8892f0 JavaThread "Compiler Source File Reader" daemon [_thread_blocked, id=37232, stack(0x0000007a30c00000,0x0000007a30d00000) (1024K)]
  0x000001bf6a88ad30 JavaThread "Compiler Source File Reader" daemon [_thread_blocked, id=15704, stack(0x0000007a30d00000,0x0000007a30e00000) (1024K)]
  0x000001bf6a8885d0 JavaThread "Compiler Source File Reader" daemon [_thread_blocked, id=21296, stack(0x0000007a30e00000,0x0000007a30f00000) (1024K)]
  0x000001bf6a888c60 JavaThread "Compiler Class File Writer" daemon [_thread_blocked, id=5228, stack(0x0000007a31300000,0x0000007a31400000) (1024K)]
  0x000001bf6a889980 JavaThread "Compiler Class File Writer" daemon [_thread_blocked, id=30500, stack(0x0000007a31400000,0x0000007a31500000) (1024K)]
  0x000001bf6a88a6a0 JavaThread "Compiler Class File Writer" daemon [_thread_blocked, id=10836, stack(0x0000007a31500000,0x0000007a31600000) (1024K)]
  0x000001bf6a88b3c0 JavaThread "Compiler Class File Writer" daemon [_thread_blocked, id=13600, stack(0x0000007a31600000,0x0000007a31700000) (1024K)]
  0x000001bf6a88a010 JavaThread "Compiler Class File Writer" daemon [_thread_blocked, id=13004, stack(0x0000007a31700000,0x0000007a31800000) (1024K)]
  0x000001bf666eed50 JavaThread "Compiler Class File Writer" daemon [_thread_blocked, id=14172, stack(0x0000007a31800000,0x0000007a31900000) (1024K)]
  0x000001bf666f0e20 JavaThread "Compiler Class File Writer" daemon [_thread_blocked, id=27840, stack(0x0000007a31900000,0x0000007a31a00000) (1024K)]
  0x000001bf666f2860 JavaThread "Compiler Class File Writer" daemon [_thread_blocked, id=17256, stack(0x0000007a31a00000,0x0000007a31b00000) (1024K)]
  0x000001bf666f14b0 JavaThread "Compiler Class File Writer" daemon [_thread_blocked, id=17544, stack(0x0000007a31b00000,0x0000007a31c00000) (1024K)]
  0x000001bf666efa70 JavaThread "Compiler Class File Writer" daemon [_thread_blocked, id=36400, stack(0x0000007a31c00000,0x0000007a31d00000) (1024K)]
  0x000001bf666f3580 JavaThread "Compiler Class File Writer" daemon [_thread_blocked, id=22300, stack(0x0000007a31d00000,0x0000007a31e00000) (1024K)]
  0x000001bf666f4fc0 JavaThread "Compiler Class File Writer" daemon [_thread_blocked, id=3452, stack(0x0000007a31f00000,0x0000007a32000000) (1024K)]
  0x000001bf666f1b40 JavaThread "Compiler Class File Writer" daemon [_thread_blocked, id=22544, stack(0x0000007a32000000,0x0000007a32100000) (1024K)]
  0x000001bf666f2ef0 JavaThread "Compiler Class File Writer" daemon [_thread_blocked, id=30544, stack(0x0000007a32100000,0x0000007a32200000) (1024K)]
  0x000001bf666f6370 JavaThread "Compiler Class File Writer" daemon [_thread_blocked, id=6164, stack(0x0000007a32200000,0x0000007a32300000) (1024K)]
  0x000001bf666f3c10 JavaThread "Compiler Class File Writer" daemon [_thread_blocked, id=14608, stack(0x0000007a32400000,0x0000007a32500000) (1024K)]
  0x000001bf666f42a0 JavaThread "Compiler Class File Writer" daemon [_thread_blocked, id=8412, stack(0x0000007a32500000,0x0000007a32600000) (1024K)]
  0x000001bf666f4930 JavaThread "Compiler Class File Writer" daemon [_thread_blocked, id=26976, stack(0x0000007a32600000,0x0000007a32700000) (1024K)]
  0x000001bf6735b810 JavaThread "Worker-6"                          [_thread_blocked, id=33092, stack(0x0000007a2cf00000,0x0000007a2d000000) (1024K)]
Total: 96

Other Threads:
  0x000001bf029d3c10 VMThread "VM Thread"                           [id=16260, stack(0x0000007a2ab00000,0x0000007a2ac00000) (1024K)]
  0x000001bf1b1aba00 WatcherThread "VM Periodic Task Thread"        [id=20980, stack(0x0000007a2aa00000,0x0000007a2ab00000) (1024K)]
  0x000001bf0294c2a0 WorkerThread "GC Thread#0"                     [id=4216, stack(0x0000007a2a900000,0x0000007a2aa00000) (1024K)]
  0x000001bf5fd85b50 WorkerThread "GC Thread#1"                     [id=5344, stack(0x0000007a2b900000,0x0000007a2ba00000) (1024K)]
  0x000001bf5f87d0e0 WorkerThread "GC Thread#2"                     [id=20608, stack(0x0000007a2ba00000,0x0000007a2bb00000) (1024K)]
  0x000001bf5f87d480 WorkerThread "GC Thread#3"                     [id=11352, stack(0x0000007a2bb00000,0x0000007a2bc00000) (1024K)]
  0x000001bf5f953320 WorkerThread "GC Thread#4"                     [id=31936, stack(0x0000007a2bc00000,0x0000007a2bd00000) (1024K)]
  0x000001bf5f9536c0 WorkerThread "GC Thread#5"                     [id=32184, stack(0x0000007a2bd00000,0x0000007a2be00000) (1024K)]
  0x000001bf5fbe7c90 WorkerThread "GC Thread#6"                     [id=7348, stack(0x0000007a2be00000,0x0000007a2bf00000) (1024K)]
  0x000001bf642f01a0 WorkerThread "GC Thread#7"                     [id=2100, stack(0x0000007a2c200000,0x0000007a2c300000) (1024K)]
  0x000001bf64432bf0 WorkerThread "GC Thread#8"                     [id=24292, stack(0x0000007a2c000000,0x0000007a2c100000) (1024K)]
  0x000001bf645ba530 WorkerThread "GC Thread#9"                     [id=10584, stack(0x0000007a2c600000,0x0000007a2c700000) (1024K)]
  0x000001bf645ba8d0 WorkerThread "GC Thread#10"                    [id=3456, stack(0x0000007a2c700000,0x0000007a2c800000) (1024K)]
  0x000001bf649bfd90 WorkerThread "GC Thread#11"                    [id=7920, stack(0x0000007a2ca00000,0x0000007a2cb00000) (1024K)]
  0x000001bf649bf650 WorkerThread "GC Thread#12"                    [id=21008, stack(0x0000007a2cc00000,0x0000007a2cd00000) (1024K)]
  0x000001bf649be430 WorkerThread "GC Thread#13"                    [id=23496, stack(0x0000007a2cd00000,0x0000007a2ce00000) (1024K)]
  0x000001bf649bef10 WorkerThread "GC Thread#14"                    [id=17984, stack(0x0000007a2d000000,0x0000007a2d100000) (1024K)]
Total: 17

Threads with active compile tasks:
C2 CompilerThread0  3986084 21830   !   4       java.io.ObjectOutputStream::writeObject0 (620 bytes)
Total: 1

VM state: not at safepoint (normal execution)

VM Mutex/Monitor currently owned by a thread: None

Heap address: 0x0000000080000000, size: 2048 MB, Compressed Oops mode: 32-bit

CDS archive(s) mapped at: [0x000001bf1c000000-0x000001bf1cba0000-0x000001bf1cba0000), size 12189696, SharedBaseAddress: 0x000001bf1c000000, ArchiveRelocationMode: 1.
Compressed class space mapped at: 0x000001bf1d000000-0x000001bf5d000000, reserved size: 1073741824
Narrow klass base: 0x000001bf1c000000, Narrow klass shift: 0, Narrow klass range: 0x100000000

GC Precious Log:
 CardTable entry size: 512
 CPUs: 20 total, 20 available
 Memory: 16068M
 Large Page Support: Disabled
 NUMA Support: Disabled
 Compressed Oops: Enabled (32-bit)
 Alignments: Space 512K, Generation 512K, Heap 2M
 Heap Min Capacity: 100M
 Heap Initial Capacity: 100M
 Heap Max Capacity: 2G
 Pre-touch: Disabled
 Parallel Workers: 15

Heap:
 PSYoungGen      total 3584K, used 1046K [0x00000000d5580000, 0x00000000d5a80000, 0x0000000100000000)
  eden space 3072K, 17% used [0x00000000d5580000,0x00000000d5605840,0x00000000d5880000)
  from space 512K, 100% used [0x00000000d5980000,0x00000000d5a00000,0x00000000d5a00000)
  to   space 1024K, 0% used [0x00000000d5880000,0x00000000d5880000,0x00000000d5980000)
 ParOldGen       total 975872K, used 975404K [0x0000000080000000, 0x00000000bb900000, 0x00000000d5580000)
  object space 975872K, 99% used [0x0000000080000000,0x00000000bb88b0f0,0x00000000bb900000)
 Metaspace       used 75706K, committed 77120K, reserved 1179648K
  class space    used 7432K, committed 8064K, reserved 1048576K

Card table byte_map: [0x000001bf165e0000,0x000001bf169f0000] _byte_map_base: 0x000001bf161e0000

Marking Bits: (ParMarkBitMap*) 0x00007ffeefc5a340
 Begin Bits: [0x000001bf16ca0000, 0x000001bf18ca0000)
 End Bits:   [0x000001bf18ca0000, 0x000001bf1aca0000)

Polling page: 0x000001bf02620000

Metaspace:

Usage:
  Non-class:     66.67 MB used.
      Class:      7.26 MB used.
       Both:     73.93 MB used.

Virtual space:
  Non-class space:      128.00 MB reserved,      67.44 MB ( 53%) committed,  2 nodes.
      Class space:        1.00 GB reserved,       7.88 MB ( <1%) committed,  1 nodes.
             Both:        1.12 GB reserved,      75.31 MB (  7%) committed. 

Chunk freelists:
   Non-Class:  11.88 MB
       Class:  7.99 MB
        Both:  19.86 MB

MaxMetaspaceSize: unlimited
CompressedClassSpaceSize: 1.00 GB
Initial GC threshold: 21.00 MB
Current GC threshold: 121.25 MB
CDS: on
 - commit_granule_bytes: 65536.
 - commit_granule_words: 8192.
 - virtual_space_node_default_size: 8388608.
 - enlarge_chunks_in_place: 1.
 - use_allocation_guard: 0.


Internal statistics:

num_allocs_failed_limit: 11.
num_arena_births: 1744.
num_arena_deaths: 550.
num_vsnodes_births: 3.
num_vsnodes_deaths: 0.
num_space_committed: 1205.
num_space_uncommitted: 0.
num_chunks_returned_to_freelist: 696.
num_chunks_taken_from_freelist: 5890.
num_chunk_merges: 215.
num_chunk_splits: 3271.
num_chunks_enlarged: 1695.
num_inconsistent_stats: 0.

CodeHeap 'non-profiled nmethods': size=119168Kb used=20989Kb max_used=20989Kb free=98178Kb
 bounds [0x000001bf0efa0000, 0x000001bf10420000, 0x000001bf16400000]
CodeHeap 'profiled nmethods': size=119104Kb used=50733Kb max_used=50733Kb free=68370Kb
 bounds [0x000001bf07400000, 0x000001bf0a590000, 0x000001bf0e850000]
CodeHeap 'non-nmethods': size=7488Kb used=1465Kb max_used=3263Kb free=6022Kb
 bounds [0x000001bf0e850000, 0x000001bf0eba0000, 0x000001bf0efa0000]
CodeCache: size=245760Kb, used=73187Kb, max_used=74985Kb, free=172570Kb
 total_blobs=20975, nmethods=20198, adapters=678, full_count=0
Compilation: enabled, stopped_count=0, restarted_count=0

Compilation events (20 events):
Event: 3984.966 Thread 0x000001bf029ebb70 nmethod 21849 0x000001bf0a57f690 code [0x000001bf0a57f860, 0x000001bf0a57fa80]
Event: 3984.966 Thread 0x000001bf029ebb70 21850       3       org.eclipse.core.internal.resources.SaveManager::writeElement (36 bytes)
Event: 3984.968 Thread 0x000001bf029ebb70 nmethod 21850 0x000001bf0a57fb90 code [0x000001bf0a57fe20, 0x000001bf0a580918]
Event: 3984.968 Thread 0x000001bf029ebb70 21851       3       org.eclipse.core.internal.resources.ResourceInfo::writeTo (41 bytes)
Event: 3984.968 Thread 0x000001bf029ebb70 nmethod 21851 0x000001bf0a580d90 code [0x000001bf0a580f80, 0x000001bf0a5814c0]
Event: 3984.971 Thread 0x000001bf029ebb70 21854       3       org.eclipse.core.internal.resources.MarkerWriter::write (155 bytes)
Event: 3984.977 Thread 0x000001bf029ebb70 nmethod 21854 0x000001bf0a581610 code [0x000001bf0a581b00, 0x000001bf0a584760]
Event: 3984.977 Thread 0x000001bf029ebb70 21855       3       java.io.DataOutputStream::writeShort (28 bytes)
Event: 3984.977 Thread 0x000001bf029ebb70 nmethod 21855 0x000001bf0a585490 code [0x000001bf0a5856c0, 0x000001bf0a585e30]
Event: 3984.977 Thread 0x000001bf029ebb70 21856       3       org.eclipse.core.internal.resources.MarkerInfo::getAttributes (35 bytes)
Event: 3984.978 Thread 0x000001bf029ebb70 nmethod 21856 0x000001bf0a586190 code [0x000001bf0a586380, 0x000001bf0a5868d8]
Event: 3984.978 Thread 0x000001bf029ebb70 21857       3       org.eclipse.core.internal.resources.MarkerAttributeMap::isEmpty (10 bytes)
Event: 3984.978 Thread 0x000001bf029ebb70 nmethod 21857 0x000001bf0a586a90 code [0x000001bf0a586c60, 0x000001bf0a586fc0]
Event: 3984.981 Thread 0x000001bf67c13f70 nmethod 21853 0x000001bf1041d090 code [0x000001bf1041d2c0, 0x000001bf1041d8f8]
Event: 3984.981 Thread 0x000001bf029ebb70 21858       3       org.eclipse.core.internal.resources.MarkerWriter::write (100 bytes)
Event: 3984.981 Thread 0x000001bf67c13f70 21837       4       jdk.internal.org.objectweb.asm.Frame::pop (53 bytes)
Event: 3984.983 Thread 0x000001bf029ebb70 nmethod 21858 0x000001bf0a587110 code [0x000001bf0a587520, 0x000001bf0a5892b0]
Event: 3984.995 Thread 0x000001bf67c13f70 nmethod 21837 0x000001bf1041df90 code [0x000001bf1041e1e0, 0x000001bf1041ecd8]
Event: 3985.107 Thread 0x000001bf029ebb70 21859       3       java.util.regex.Matcher::end (20 bytes)
Event: 3985.108 Thread 0x000001bf029ebb70 nmethod 21859 0x000001bf0a589e10 code [0x000001bf0a58a000, 0x000001bf0a58a398]

GC Heap History (20 events):
Event: 3799.823 GC heap after
{Heap after GC invocations=1004 (full 4):
 PSYoungGen      total 4096K, used 512K [0x00000000d5580000, 0x00000000d5a80000, 0x0000000100000000)
  eden space 3072K, 0% used [0x00000000d5580000,0x00000000d5580000,0x00000000d5880000)
  from space 1024K, 50% used [0x00000000d5980000,0x00000000d5a00000,0x00000000d5a80000)
  to   space 1024K, 0% used [0x00000000d5880000,0x00000000d5880000,0x00000000d5980000)
 ParOldGen       total 941568K, used 941381K [0x0000000080000000, 0x00000000b9780000, 0x00000000d5580000)
  object space 941568K, 99% used [0x0000000080000000,0x00000000b9751640,0x00000000b9780000)
 Metaspace       used 75569K, committed 77056K, reserved 1179648K
  class space    used 7416K, committed 8064K, reserved 1048576K
}
Event: 3799.828 GC heap before
{Heap before GC invocations=1005 (full 4):
 PSYoungGen      total 4096K, used 3584K [0x00000000d5580000, 0x00000000d5a80000, 0x0000000100000000)
  eden space 3072K, 100% used [0x00000000d5580000,0x00000000d5880000,0x00000000d5880000)
  from space 1024K, 50% used [0x00000000d5980000,0x00000000d5a00000,0x00000000d5a80000)
  to   space 1024K, 0% used [0x00000000d5880000,0x00000000d5880000,0x00000000d5980000)
 ParOldGen       total 941568K, used 941381K [0x0000000080000000, 0x00000000b9780000, 0x00000000d5580000)
  object space 941568K, 99% used [0x0000000080000000,0x00000000b9751640,0x00000000b9780000)
 Metaspace       used 75569K, committed 77056K, reserved 1179648K
  class space    used 7416K, committed 8064K, reserved 1048576K
}
Event: 3799.829 GC heap after
{Heap after GC invocations=1005 (full 4):
 PSYoungGen      total 4096K, used 608K [0x00000000d5580000, 0x00000000d5b80000, 0x0000000100000000)
  eden space 3072K, 0% used [0x00000000d5580000,0x00000000d5580000,0x00000000d5880000)
  from space 1024K, 59% used [0x00000000d5880000,0x00000000d5918000,0x00000000d5980000)
  to   space 1024K, 0% used [0x00000000d5a80000,0x00000000d5a80000,0x00000000d5b80000)
 ParOldGen       total 942080K, used 941629K [0x0000000080000000, 0x00000000b9800000, 0x00000000d5580000)
  object space 942080K, 99% used [0x0000000080000000,0x00000000b978f660,0x00000000b9800000)
 Metaspace       used 75569K, committed 77056K, reserved 1179648K
  class space    used 7416K, committed 8064K, reserved 1048576K
}
Event: 3799.835 GC heap before
{Heap before GC invocations=1006 (full 4):
 PSYoungGen      total 4096K, used 3680K [0x00000000d5580000, 0x00000000d5b80000, 0x0000000100000000)
  eden space 3072K, 100% used [0x00000000d5580000,0x00000000d5880000,0x00000000d5880000)
  from space 1024K, 59% used [0x00000000d5880000,0x00000000d5918000,0x00000000d5980000)
  to   space 1024K, 0% used [0x00000000d5a80000,0x00000000d5a80000,0x00000000d5b80000)
 ParOldGen       total 942080K, used 941629K [0x0000000080000000, 0x00000000b9800000, 0x00000000d5580000)
  object space 942080K, 99% used [0x0000000080000000,0x00000000b978f660,0x00000000b9800000)
 Metaspace       used 75569K, committed 77056K, reserved 1179648K
  class space    used 7416K, committed 8064K, reserved 1048576K
}
Event: 3799.837 GC heap after
{Heap after GC invocations=1006 (full 4):
 PSYoungGen      total 4096K, used 720K [0x00000000d5580000, 0x00000000d5b80000, 0x0000000100000000)
  eden space 3072K, 0% used [0x00000000d5580000,0x00000000d5580000,0x00000000d5880000)
  from space 1024K, 70% used [0x00000000d5a80000,0x00000000d5b34010,0x00000000d5b80000)
  to   space 1024K, 0% used [0x00000000d5880000,0x00000000d5880000,0x00000000d5980000)
 ParOldGen       total 942080K, used 941958K [0x0000000080000000, 0x00000000b9800000, 0x00000000d5580000)
  object space 942080K, 99% used [0x0000000080000000,0x00000000b97e1920,0x00000000b9800000)
 Metaspace       used 75569K, committed 77056K, reserved 1179648K
  class space    used 7416K, committed 8064K, reserved 1048576K
}
Event: 3799.842 GC heap before
{Heap before GC invocations=1007 (full 4):
 PSYoungGen      total 4096K, used 3792K [0x00000000d5580000, 0x00000000d5b80000, 0x0000000100000000)
  eden space 3072K, 100% used [0x00000000d5580000,0x00000000d5880000,0x00000000d5880000)
  from space 1024K, 70% used [0x00000000d5a80000,0x00000000d5b34010,0x00000000d5b80000)
  to   space 1024K, 0% used [0x00000000d5880000,0x00000000d5880000,0x00000000d5980000)
 ParOldGen       total 942080K, used 941958K [0x0000000080000000, 0x00000000b9800000, 0x00000000d5580000)
  object space 942080K, 99% used [0x0000000080000000,0x00000000b97e1920,0x00000000b9800000)
 Metaspace       used 75578K, committed 77056K, reserved 1179648K
  class space    used 7416K, committed 8064K, reserved 1048576K
}
Event: 3799.843 GC heap after
{Heap after GC invocations=1007 (full 4):
 PSYoungGen      total 4096K, used 576K [0x00000000d5580000, 0x00000000d5b00000, 0x0000000100000000)
  eden space 3072K, 0% used [0x00000000d5580000,0x00000000d5580000,0x00000000d5880000)
  from space 1024K, 56% used [0x00000000d5880000,0x00000000d5910000,0x00000000d5980000)
  to   space 1024K, 0% used [0x00000000d5a00000,0x00000000d5a00000,0x00000000d5b00000)
 ParOldGen       total 942592K, used 942479K [0x0000000080000000, 0x00000000b9880000, 0x00000000d5580000)
  object space 942592K, 99% used [0x0000000080000000,0x00000000b9863ce0,0x00000000b9880000)
 Metaspace       used 75578K, committed 77056K, reserved 1179648K
  class space    used 7416K, committed 8064K, reserved 1048576K
}
Event: 3799.847 GC heap before
{Heap before GC invocations=1008 (full 4):
 PSYoungGen      total 4096K, used 3648K [0x00000000d5580000, 0x00000000d5b00000, 0x0000000100000000)
  eden space 3072K, 100% used [0x00000000d5580000,0x00000000d5880000,0x00000000d5880000)
  from space 1024K, 56% used [0x00000000d5880000,0x00000000d5910000,0x00000000d5980000)
  to   space 1024K, 0% used [0x00000000d5a00000,0x00000000d5a00000,0x00000000d5b00000)
 ParOldGen       total 942592K, used 942479K [0x0000000080000000, 0x00000000b9880000, 0x00000000d5580000)
  object space 942592K, 99% used [0x0000000080000000,0x00000000b9863ce0,0x00000000b9880000)
 Metaspace       used 75578K, committed 77056K, reserved 1179648K
  class space    used 7416K, committed 8064K, reserved 1048576K
}
Event: 3799.849 GC heap after
{Heap after GC invocations=1008 (full 4):
 PSYoungGen      total 4096K, used 529K [0x00000000d5580000, 0x00000000d5b00000, 0x0000000100000000)
  eden space 3072K, 0% used [0x00000000d5580000,0x00000000d5580000,0x00000000d5880000)
  from space 1024K, 51% used [0x00000000d5a00000,0x00000000d5a844b8,0x00000000d5b00000)
  to   space 1024K, 0% used [0x00000000d5880000,0x00000000d5880000,0x00000000d5980000)
 ParOldGen       total 943104K, used 942783K [0x0000000080000000, 0x00000000b9900000, 0x00000000d5580000)
  object space 943104K, 99% used [0x0000000080000000,0x00000000b98afd00,0x00000000b9900000)
 Metaspace       used 75578K, committed 77056K, reserved 1179648K
  class space    used 7416K, committed 8064K, reserved 1048576K
}
Event: 3799.858 GC heap before
{Heap before GC invocations=1009 (full 4):
 PSYoungGen      total 4096K, used 3601K [0x00000000d5580000, 0x00000000d5b00000, 0x0000000100000000)
  eden space 3072K, 99% used [0x00000000d5580000,0x00000000d587fff0,0x00000000d5880000)
  from space 1024K, 51% used [0x00000000d5a00000,0x00000000d5a844b8,0x00000000d5b00000)
  to   space 1024K, 0% used [0x00000000d5880000,0x00000000d5880000,0x00000000d5980000)
 ParOldGen       total 943104K, used 942783K [0x0000000080000000, 0x00000000b9900000, 0x00000000d5580000)
  object space 943104K, 99% used [0x0000000080000000,0x00000000b98afd00,0x00000000b9900000)
 Metaspace       used 75580K, committed 77056K, reserved 1179648K
  class space    used 7416K, committed 8064K, reserved 1048576K
}
Event: 3799.860 GC heap after
{Heap after GC invocations=1009 (full 4):
 PSYoungGen      total 4096K, used 544K [0x00000000d5580000, 0x00000000d5a80000, 0x0000000100000000)
  eden space 3072K, 0% used [0x00000000d5580000,0x00000000d5580000,0x00000000d5880000)
  from space 1024K, 53% used [0x00000000d5880000,0x00000000d5908000,0x00000000d5980000)
  to   space 1024K, 0% used [0x00000000d5980000,0x00000000d5980000,0x00000000d5a80000)
 ParOldGen       total 943616K, used 943151K [0x0000000080000000, 0x00000000b9980000, 0x00000000d5580000)
  object space 943616K, 99% used [0x0000000080000000,0x00000000b990be78,0x00000000b9980000)
 Metaspace       used 75580K, committed 77056K, reserved 1179648K
  class space    used 7416K, committed 8064K, reserved 1048576K
}
Event: 3799.867 GC heap before
{Heap before GC invocations=1010 (full 4):
 PSYoungGen      total 4096K, used 3616K [0x00000000d5580000, 0x00000000d5a80000, 0x0000000100000000)
  eden space 3072K, 100% used [0x00000000d5580000,0x00000000d5880000,0x00000000d5880000)
  from space 1024K, 53% used [0x00000000d5880000,0x00000000d5908000,0x00000000d5980000)
  to   space 1024K, 0% used [0x00000000d5980000,0x00000000d5980000,0x00000000d5a80000)
 ParOldGen       total 951808K, used 950831K [0x0000000080000000, 0x00000000ba180000, 0x00000000d5580000)
  object space 951808K, 99% used [0x0000000080000000,0x00000000ba08be88,0x00000000ba180000)
 Metaspace       used 75580K, committed 77056K, reserved 1179648K
  class space    used 7416K, committed 8064K, reserved 1048576K
}
Event: 3799.869 GC heap after
{Heap after GC invocations=1010 (full 4):
 PSYoungGen      total 4096K, used 528K [0x00000000d5580000, 0x00000000d5a80000, 0x0000000100000000)
  eden space 3072K, 0% used [0x00000000d5580000,0x00000000d5580000,0x00000000d5880000)
  from space 1024K, 51% used [0x00000000d5980000,0x00000000d5a04010,0x00000000d5a80000)
  to   space 1024K, 0% used [0x00000000d5880000,0x00000000d5880000,0x00000000d5980000)
 ParOldGen       total 951808K, used 951207K [0x0000000080000000, 0x00000000ba180000, 0x00000000d5580000)
  object space 951808K, 99% used [0x0000000080000000,0x00000000ba0e9ea8,0x00000000ba180000)
 Metaspace       used 75580K, committed 77056K, reserved 1179648K
  class space    used 7416K, committed 8064K, reserved 1048576K
}
Event: 3799.878 GC heap before
{Heap before GC invocations=1011 (full 4):
 PSYoungGen      total 4096K, used 3600K [0x00000000d5580000, 0x00000000d5a80000, 0x0000000100000000)
  eden space 3072K, 100% used [0x00000000d5580000,0x00000000d5880000,0x00000000d5880000)
  from space 1024K, 51% used [0x00000000d5980000,0x00000000d5a04010,0x00000000d5a80000)
  to   space 1024K, 0% used [0x00000000d5880000,0x00000000d5880000,0x00000000d5980000)
 ParOldGen       total 975360K, used 974247K [0x0000000080000000, 0x00000000bb880000, 0x00000000d5580000)
  object space 975360K, 99% used [0x0000000080000000,0x00000000bb769ec8,0x00000000bb880000)
 Metaspace       used 75582K, committed 77056K, reserved 1179648K
  class space    used 7416K, committed 8064K, reserved 1048576K
}
Event: 3799.879 GC heap after
{Heap after GC invocations=1011 (full 4):
 PSYoungGen      total 4096K, used 672K [0x00000000d5580000, 0x00000000d5a80000, 0x0000000100000000)
  eden space 3072K, 0% used [0x00000000d5580000,0x00000000d5580000,0x00000000d5880000)
  from space 1024K, 65% used [0x00000000d5880000,0x00000000d5928000,0x00000000d5980000)
  to   space 1024K, 0% used [0x00000000d5980000,0x00000000d5980000,0x00000000d5a80000)
 ParOldGen       total 975360K, used 974543K [0x0000000080000000, 0x00000000bb880000, 0x00000000d5580000)
  object space 975360K, 99% used [0x0000000080000000,0x00000000bb7b3f28,0x00000000bb880000)
 Metaspace       used 75582K, committed 77056K, reserved 1179648K
  class space    used 7416K, committed 8064K, reserved 1048576K
}
Event: 3799.899 GC heap before
{Heap before GC invocations=1012 (full 4):
 PSYoungGen      total 4096K, used 3744K [0x00000000d5580000, 0x00000000d5a80000, 0x0000000100000000)
  eden space 3072K, 100% used [0x00000000d5580000,0x00000000d5880000,0x00000000d5880000)
  from space 1024K, 65% used [0x00000000d5880000,0x00000000d5928000,0x00000000d5980000)
  to   space 1024K, 0% used [0x00000000d5980000,0x00000000d5980000,0x00000000d5a80000)
 ParOldGen       total 975360K, used 974543K [0x0000000080000000, 0x00000000bb880000, 0x00000000d5580000)
  object space 975360K, 99% used [0x0000000080000000,0x00000000bb7b3f28,0x00000000bb880000)
 Metaspace       used 75583K, committed 77056K, reserved 1179648K
  class space    used 7416K, committed 8064K, reserved 1048576K
}
Event: 3799.901 GC heap after
{Heap after GC invocations=1012 (full 4):
 PSYoungGen      total 4096K, used 480K [0x00000000d5580000, 0x00000000d5a80000, 0x0000000100000000)
  eden space 3072K, 0% used [0x00000000d5580000,0x00000000d5580000,0x00000000d5880000)
  from space 1024K, 46% used [0x00000000d5980000,0x00000000d59f8000,0x00000000d5a80000)
  to   space 1024K, 0% used [0x00000000d5880000,0x00000000d5880000,0x00000000d5980000)
 ParOldGen       total 975360K, used 975037K [0x0000000080000000, 0x00000000bb880000, 0x00000000d5580000)
  object space 975360K, 99% used [0x0000000080000000,0x00000000bb82f6e0,0x00000000bb880000)
 Metaspace       used 75583K, committed 77056K, reserved 1179648K
  class space    used 7416K, committed 8064K, reserved 1048576K
}
Event: 3802.654 GC heap before
{Heap before GC invocations=1013 (full 4):
 PSYoungGen      total 4096K, used 3552K [0x00000000d5580000, 0x00000000d5a80000, 0x0000000100000000)
  eden space 3072K, 100% used [0x00000000d5580000,0x00000000d5880000,0x00000000d5880000)
  from space 1024K, 46% used [0x00000000d5980000,0x00000000d59f8000,0x00000000d5a80000)
  to   space 1024K, 0% used [0x00000000d5880000,0x00000000d5880000,0x00000000d5980000)
 ParOldGen       total 975360K, used 975037K [0x0000000080000000, 0x00000000bb880000, 0x00000000d5580000)
  object space 975360K, 99% used [0x0000000080000000,0x00000000bb82f6e0,0x00000000bb880000)
 Metaspace       used 75584K, committed 77056K, reserved 1179648K
  class space    used 7416K, committed 8064K, reserved 1048576K
}
Event: 3802.655 GC heap after
{Heap after GC invocations=1013 (full 4):
 PSYoungGen      total 4096K, used 384K [0x00000000d5580000, 0x00000000d5a00000, 0x0000000100000000)
  eden space 3072K, 0% used [0x00000000d5580000,0x00000000d5580000,0x00000000d5880000)
  from space 1024K, 37% used [0x00000000d5880000,0x00000000d58e0000,0x00000000d5980000)
  to   space 512K, 0% used [0x00000000d5980000,0x00000000d5980000,0x00000000d5a00000)
 ParOldGen       total 975360K, used 975292K [0x0000000080000000, 0x00000000bb880000, 0x00000000d5580000)
  object space 975360K, 99% used [0x0000000080000000,0x00000000bb86f0f0,0x00000000bb880000)
 Metaspace       used 75584K, committed 77056K, reserved 1179648K
  class space    used 7416K, committed 8064K, reserved 1048576K
}
Event: 3985.138 GC heap before
{Heap before GC invocations=1014 (full 4):
 PSYoungGen      total 4096K, used 3456K [0x00000000d5580000, 0x00000000d5a00000, 0x0000000100000000)
  eden space 3072K, 100% used [0x00000000d5580000,0x00000000d5880000,0x00000000d5880000)
  from space 1024K, 37% used [0x00000000d5880000,0x00000000d58e0000,0x00000000d5980000)
  to   space 512K, 0% used [0x00000000d5980000,0x00000000d5980000,0x00000000d5a00000)
 ParOldGen       total 975360K, used 975292K [0x0000000080000000, 0x00000000bb880000, 0x00000000d5580000)
  object space 975360K, 99% used [0x0000000080000000,0x00000000bb86f0f0,0x00000000bb880000)
 Metaspace       used 75705K, committed 77120K, reserved 1179648K
  class space    used 7432K, committed 8064K, reserved 1048576K
}

Dll operation events (10 events):
Event: 0.005 Loaded shared library c:\Users\DELL\.cursor\extensions\redhat.java-1.47.0-win32-x64\jre\21.0.8-win32-x86_64\bin\java.dll
Event: 0.039 Loaded shared library c:\Users\DELL\.cursor\extensions\redhat.java-1.47.0-win32-x64\jre\21.0.8-win32-x86_64\bin\zip.dll
Event: 0.048 Loaded shared library C:\Users\DELL\.cursor\extensions\redhat.java-1.47.0-win32-x64\jre\21.0.8-win32-x86_64\bin\instrument.dll
Event: 0.050 Loaded shared library C:\Users\DELL\.cursor\extensions\redhat.java-1.47.0-win32-x64\jre\21.0.8-win32-x86_64\bin\net.dll
Event: 0.051 Loaded shared library C:\Users\DELL\.cursor\extensions\redhat.java-1.47.0-win32-x64\jre\21.0.8-win32-x86_64\bin\nio.dll
Event: 0.053 Loaded shared library C:\Users\DELL\.cursor\extensions\redhat.java-1.47.0-win32-x64\jre\21.0.8-win32-x86_64\bin\zip.dll
Event: 0.062 Loaded shared library C:\Users\DELL\.cursor\extensions\redhat.java-1.47.0-win32-x64\jre\21.0.8-win32-x86_64\bin\jimage.dll
Event: 0.096 Loaded shared library c:\Users\DELL\.cursor\extensions\redhat.java-1.47.0-win32-x64\jre\21.0.8-win32-x86_64\bin\verify.dll
Event: 1.112 Loaded shared library C:\Users\DELL\AppData\Roaming\Cursor\User\globalStorage\redhat.java\1.47.0\config_win\org.eclipse.equinox.launcher\org.eclipse.equinox.launcher.win32.win32.x86_64_1.2.1400.v20250801-0854\eclipse_11916.dll
Event: 2.253 Loaded shared library C:\Users\DELL\AppData\Local\Temp\jna-2094529\jna7290034530313850731.dll

Deoptimization events (20 events):
Event: 3799.698 Thread 0x000001bf6735b810 DEOPT PACKING pc=0x000001bf103053e4 sp=0x0000007a2cffeb60
Event: 3799.698 Thread 0x000001bf6735b810 DEOPT UNPACKING pc=0x000001bf0e8a3aa2 sp=0x0000007a2cffeae8 mode 2
Event: 3799.850 Thread 0x000001bf647b79a0 Uncommon trap: trap_request=0xffffff45 fr.pc=0x000001bf0f9a69f4 relative=0x0000000000000dd4
Event: 3799.850 Thread 0x000001bf647b79a0 Uncommon trap: reason=unstable_if action=reinterpret pc=0x000001bf0f9a69f4 method=org.eclipse.core.internal.watson.ElementTree.getElementData(Lorg/eclipse/core/runtime/IPath;)Ljava/lang/Object; @ 21 c2
Event: 3799.850 Thread 0x000001bf647b79a0 DEOPT PACKING pc=0x000001bf0f9a69f4 sp=0x0000007a2d3fda70
Event: 3799.850 Thread 0x000001bf647b79a0 DEOPT UNPACKING pc=0x000001bf0e8a3aa2 sp=0x0000007a2d3fd9d0 mode 2
Event: 3984.768 Thread 0x000001bf6735b810 DEOPT PACKING pc=0x000001bf07ca1fd0 sp=0x0000007a2cffec20
Event: 3984.769 Thread 0x000001bf6735b810 DEOPT UNPACKING pc=0x000001bf0e8a4242 sp=0x0000007a2cffe178 mode 0
Event: 3984.771 Thread 0x000001bf6735b810 DEOPT PACKING pc=0x000001bf07ca1fd0 sp=0x0000007a2cffec20
Event: 3984.771 Thread 0x000001bf6735b810 DEOPT UNPACKING pc=0x000001bf0e8a4242 sp=0x0000007a2cffe178 mode 0
Event: 3984.773 Thread 0x000001bf6735b810 DEOPT PACKING pc=0x000001bf07ca1d2e sp=0x0000007a2cffec20
Event: 3984.773 Thread 0x000001bf6735b810 DEOPT UNPACKING pc=0x000001bf0e8a4242 sp=0x0000007a2cffe178 mode 0
Event: 3984.774 Thread 0x000001bf6735b810 DEOPT PACKING pc=0x000001bf07ca1d2e sp=0x0000007a2cffec20
Event: 3984.774 Thread 0x000001bf6735b810 DEOPT UNPACKING pc=0x000001bf0e8a4242 sp=0x0000007a2cffe178 mode 0
Event: 3984.815 Thread 0x000001bf6735b810 DEOPT PACKING pc=0x000001bf07ca1d2e sp=0x0000007a2cffeef0
Event: 3984.815 Thread 0x000001bf6735b810 DEOPT UNPACKING pc=0x000001bf0e8a4242 sp=0x0000007a2cffe448 mode 0
Event: 3984.816 Thread 0x000001bf6735b810 DEOPT PACKING pc=0x000001bf07ca1fd0 sp=0x0000007a2cffeef0
Event: 3984.816 Thread 0x000001bf6735b810 DEOPT UNPACKING pc=0x000001bf0e8a4242 sp=0x0000007a2cffe448 mode 0
Event: 3984.816 Thread 0x000001bf6735b810 DEOPT PACKING pc=0x000001bf07ca1fd0 sp=0x0000007a2cffeef0
Event: 3984.816 Thread 0x000001bf6735b810 DEOPT UNPACKING pc=0x000001bf0e8a4242 sp=0x0000007a2cffe448 mode 0

Classes loaded (20 events):
Event: 3704.586 Loading class java/nio/BufferMismatch
Event: 3704.588 Loading class java/nio/BufferMismatch done
Event: 3708.231 Loading class jdk/internal/module/IllegalAccessLogger
Event: 3708.231 Loading class jdk/internal/module/IllegalAccessLogger done
Event: 3710.957 Loading class jdk/internal/module/IllegalAccessLogger
Event: 3710.957 Loading class jdk/internal/module/IllegalAccessLogger done
Event: 3719.065 Loading class jdk/internal/module/IllegalAccessLogger
Event: 3719.065 Loading class jdk/internal/module/IllegalAccessLogger done
Event: 3720.817 Loading class jdk/internal/module/IllegalAccessLogger
Event: 3720.817 Loading class jdk/internal/module/IllegalAccessLogger done
Event: 3727.962 Loading class jdk/internal/module/IllegalAccessLogger
Event: 3727.962 Loading class jdk/internal/module/IllegalAccessLogger done
Event: 3736.454 Loading class jdk/internal/module/IllegalAccessLogger
Event: 3736.454 Loading class jdk/internal/module/IllegalAccessLogger done
Event: 3746.016 Loading class jdk/internal/module/IllegalAccessLogger
Event: 3746.016 Loading class jdk/internal/module/IllegalAccessLogger done
Event: 3747.175 Loading class jdk/internal/module/IllegalAccessLogger
Event: 3747.175 Loading class jdk/internal/module/IllegalAccessLogger done
Event: 3799.804 Loading class jdk/internal/module/IllegalAccessLogger
Event: 3799.804 Loading class jdk/internal/module/IllegalAccessLogger done

Classes unloaded (20 events):
Event: 3624.295 Thread 0x000001bf029d3c10 Unloading class 0x000001bf1d016400 'java/lang/invoke/LambdaForm$MH+0x000001bf1d016400'
Event: 3624.295 Thread 0x000001bf029d3c10 Unloading class 0x000001bf1d00d800 'java/lang/invoke/LambdaForm$MH+0x000001bf1d00d800'
Event: 3624.295 Thread 0x000001bf029d3c10 Unloading class 0x000001bf1d00d400 'java/lang/invoke/LambdaForm$MH+0x000001bf1d00d400'
Event: 3624.295 Thread 0x000001bf029d3c10 Unloading class 0x000001bf1d00d000 'java/lang/invoke/LambdaForm$MH+0x000001bf1d00d000'
Event: 3624.295 Thread 0x000001bf029d3c10 Unloading class 0x000001bf1d00cc00 'java/lang/invoke/LambdaForm$MH+0x000001bf1d00cc00'
Event: 3624.295 Thread 0x000001bf029d3c10 Unloading class 0x000001bf1d00c800 'java/lang/invoke/LambdaForm$BMH+0x000001bf1d00c800'
Event: 3624.295 Thread 0x000001bf029d3c10 Unloading class 0x000001bf1d00c000 'java/lang/invoke/LambdaForm$DMH+0x000001bf1d00c000'
Event: 3624.295 Thread 0x000001bf029d3c10 Unloading class 0x000001bf1d008c00 'java/lang/invoke/LambdaForm$MH+0x000001bf1d008c00'
Event: 3624.295 Thread 0x000001bf029d3c10 Unloading class 0x000001bf1d008800 'java/lang/invoke/LambdaForm$MH+0x000001bf1d008800'
Event: 3624.295 Thread 0x000001bf029d3c10 Unloading class 0x000001bf1d008400 'java/lang/invoke/LambdaForm$MH+0x000001bf1d008400'
Event: 3624.295 Thread 0x000001bf029d3c10 Unloading class 0x000001bf1d007000 'java/lang/invoke/LambdaForm$MH+0x000001bf1d007000'
Event: 3624.295 Thread 0x000001bf029d3c10 Unloading class 0x000001bf1d006800 'java/lang/invoke/LambdaForm$MH+0x000001bf1d006800'
Event: 3624.295 Thread 0x000001bf029d3c10 Unloading class 0x000001bf1d006400 'java/lang/invoke/LambdaForm$MH+0x000001bf1d006400'
Event: 3624.295 Thread 0x000001bf029d3c10 Unloading class 0x000001bf1d006000 'java/lang/invoke/LambdaForm$MH+0x000001bf1d006000'
Event: 3624.295 Thread 0x000001bf029d3c10 Unloading class 0x000001bf1d005c00 'java/lang/invoke/LambdaForm$BMH+0x000001bf1d005c00'
Event: 3624.295 Thread 0x000001bf029d3c10 Unloading class 0x000001bf1d004800 'java/lang/invoke/LambdaForm$DMH+0x000001bf1d004800'
Event: 3624.295 Thread 0x000001bf029d3c10 Unloading class 0x000001bf1d002400 'java/lang/invoke/LambdaForm$MH+0x000001bf1d002400'
Event: 3624.295 Thread 0x000001bf029d3c10 Unloading class 0x000001bf1d002000 'java/lang/invoke/LambdaForm$MH+0x000001bf1d002000'
Event: 3624.295 Thread 0x000001bf029d3c10 Unloading class 0x000001bf1d001800 'java/lang/invoke/LambdaForm$MH+0x000001bf1d001800'
Event: 3624.295 Thread 0x000001bf029d3c10 Unloading class 0x000001bf1d000400 'java/lang/invoke/LambdaForm$MH+0x000001bf1d000400'

Classes redefined (0 events):
No events

Internal exceptions (20 events):
Event: 3799.817 Thread 0x000001bf647b79a0 Implicit null exception at 0x000001bf076c641b to 0x000001bf076c69d5
Event: 3799.817 Thread 0x000001bf647b79a0 Exception <a 'java/lang/NullPointerException'{0x00000000d5703518}> (0x00000000d5703518) 
thrown [s\src\hotspot\share\runtime\sharedRuntime.cpp, line 625]
Event: 3799.817 Thread 0x000001bf647b79a0 Implicit null exception at 0x000001bf076c641b to 0x000001bf076c69d5
Event: 3799.817 Thread 0x000001bf647b79a0 Exception <a 'java/lang/NullPointerException'{0x00000000d5703d00}> (0x00000000d5703d00) 
thrown [s\src\hotspot\share\runtime\sharedRuntime.cpp, line 625]
Event: 3799.825 Thread 0x000001bf647b79a0 Implicit null exception at 0x000001bf076c641b to 0x000001bf076c69d5
Event: 3799.825 Thread 0x000001bf647b79a0 Exception <a 'java/lang/NullPointerException'{0x00000000d567f818}> (0x00000000d567f818) 
thrown [s\src\hotspot\share\runtime\sharedRuntime.cpp, line 625]
Event: 3799.825 Thread 0x000001bf647b79a0 Implicit null exception at 0x000001bf076c641b to 0x000001bf076c69d5
Event: 3799.825 Thread 0x000001bf647b79a0 Exception <a 'java/lang/NullPointerException'{0x00000000d567ff30}> (0x00000000d567ff30) 
thrown [s\src\hotspot\share\runtime\sharedRuntime.cpp, line 625]
Event: 3799.825 Thread 0x000001bf647b79a0 Implicit null exception at 0x000001bf076c641b to 0x000001bf076c69d5
Event: 3799.825 Thread 0x000001bf647b79a0 Exception <a 'java/lang/NullPointerException'{0x00000000d5680658}> (0x00000000d5680658) 
thrown [s\src\hotspot\share\runtime\sharedRuntime.cpp, line 625]
Event: 3799.825 Thread 0x000001bf647b79a0 Implicit null exception at 0x000001bf076c641b to 0x000001bf076c69d5
Event: 3799.825 Thread 0x000001bf647b79a0 Exception <a 'java/lang/NullPointerException'{0x00000000d5680d80}> (0x00000000d5680d80) 
thrown [s\src\hotspot\share\runtime\sharedRuntime.cpp, line 625]
Event: 3799.850 Thread 0x000001bf647b79a0 Implicit null exception at 0x000001bf0f9a60cd to 0x000001bf0f9a69d0
Event: 3802.911 Thread 0x000001bf66401c30 Exception <a 'java/lang/IncompatibleClassChangeError'{0x00000000d55b3700}: Found class java.lang.Object, but interface was expected> (0x00000000d55b3700) 
thrown [s\src\hotspot\share\interpreter\linkResolver.cpp, line 840]
Event: 3984.792 Thread 0x000001bf6735b810 Exception <a 'sun/nio/fs/WindowsException'{0x00000000d5600d20}> (0x00000000d5600d20) 
thrown [s\src\hotspot\share\prims\jni.cpp, line 520]
Event: 3984.794 Thread 0x000001bf6735b810 Exception <a 'sun/nio/fs/WindowsException'{0x00000000d56015e8}> (0x00000000d56015e8) 
thrown [s\src\hotspot\share\prims\jni.cpp, line 520]
Event: 3984.944 Thread 0x000001bf6735b810 Exception <a 'java/lang/NoSuchMethodError'{0x00000000d577ac38}: static Lorg/eclipse/m2e/core/internal/lifecyclemapping/model/PluginExecutionMetadata;.<clinit>()V> (0x00000000d577ac38) 
thrown [s\src\hotspot\share\prims\jni.cpp, line 1111]
Event: 3984.951 Thread 0x000001bf6735b810 Exception <a 'java/lang/NoSuchMethodError'{0x00000000d579db10}: static Lorg/eclipse/m2e/core/internal/lifecyclemapping/model/PluginExecutionFilter;.<clinit>()V> (0x00000000d579db10) 
thrown [s\src\hotspot\share\prims\jni.cpp, line 1111]
Event: 3984.953 Thread 0x000001bf6735b810 Exception <a 'java/lang/NoSuchMethodError'{0x00000000d57b2bc8}: static Lorg/eclipse/m2e/core/internal/project/registry/MavenProjectFacade$MavenProjectConfiguration;.<clinit>()V> (0x00000000d57b2bc8) 
thrown [s\src\hotspot\share\prims\jni.cpp, line 1111]
Event: 3984.955 Thread 0x000001bf6735b810 Exception <a 'java/lang/NoSuchMethodError'{0x00000000d57ce520}: static [J.<clinit>()V> (0x00000000d57ce520) 
thrown [s\src\hotspot\share\prims\jni.cpp, line 1111]

ZGC Phase Switch (0 events):
No events

VM Operations (20 events):
Event: 3799.860 Executing VM operation: ParallelGCFailedAllocation (Allocation Failure) done
Event: 3799.865 Executing VM operation: ParallelGCFailedAllocation (Allocation Failure)
Event: 3799.869 Executing VM operation: ParallelGCFailedAllocation (Allocation Failure) done
Event: 3799.878 Executing VM operation: ParallelGCFailedAllocation (Allocation Failure)
Event: 3799.879 Executing VM operation: ParallelGCFailedAllocation (Allocation Failure) done
Event: 3799.899 Executing VM operation: ParallelGCFailedAllocation (Allocation Failure)
Event: 3799.901 Executing VM operation: ParallelGCFailedAllocation (Allocation Failure) done
Event: 3802.654 Executing VM operation: ParallelGCFailedAllocation (Allocation Failure)
Event: 3802.655 Executing VM operation: ParallelGCFailedAllocation (Allocation Failure) done
Event: 3847.617 Executing VM operation: HandshakeAllThreads (HandshakeForDeflation)
Event: 3847.617 Executing VM operation: HandshakeAllThreads (HandshakeForDeflation) done
Event: 3847.617 Executing VM operation: RendezvousGCThreads
Event: 3847.617 Executing VM operation: RendezvousGCThreads done
Event: 3902.837 Executing VM operation: Cleanup
Event: 3902.837 Executing VM operation: Cleanup done
Event: 3907.742 Executing VM operation: HandshakeAllThreads (HandshakeForDeflation)
Event: 3907.742 Executing VM operation: HandshakeAllThreads (HandshakeForDeflation) done
Event: 3907.742 Executing VM operation: RendezvousGCThreads
Event: 3907.742 Executing VM operation: RendezvousGCThreads done
Event: 3985.138 Executing VM operation: ParallelGCFailedAllocation (Allocation Failure)

Memory protections (0 events):
No events

Nmethod flushes (20 events):
Event: 3624.409 Thread 0x000001bf029d3c10 flushing osr nmethod 0x000001bf086c0390
Event: 3624.409 Thread 0x000001bf029d3c10 flushing  nmethod 0x000001bf08730410
Event: 3624.409 Thread 0x000001bf029d3c10 flushing  nmethod 0x000001bf08742e90
Event: 3624.409 Thread 0x000001bf029d3c10 flushing  nmethod 0x000001bf0875e010
Event: 3624.409 Thread 0x000001bf029d3c10 flushing  nmethod 0x000001bf08774790
Event: 3624.409 Thread 0x000001bf029d3c10 flushing  nmethod 0x000001bf0879fd10
Event: 3624.409 Thread 0x000001bf029d3c10 flushing  nmethod 0x000001bf087a8810
Event: 3624.410 Thread 0x000001bf029d3c10 flushing  nmethod 0x000001bf087b2c10
Event: 3624.410 Thread 0x000001bf029d3c10 flushing  nmethod 0x000001bf08816610
Event: 3624.410 Thread 0x000001bf029d3c10 flushing  nmethod 0x000001bf08838790
Event: 3624.410 Thread 0x000001bf029d3c10 flushing  nmethod 0x000001bf08845f10
Event: 3624.410 Thread 0x000001bf029d3c10 flushing osr nmethod 0x000001bf0885bf90
Event: 3624.410 Thread 0x000001bf029d3c10 flushing osr nmethod 0x000001bf08872e90
Event: 3624.410 Thread 0x000001bf029d3c10 flushing  nmethod 0x000001bf08eb5090
Event: 3624.410 Thread 0x000001bf029d3c10 flushing  nmethod 0x000001bf09039b90
Event: 3624.410 Thread 0x000001bf029d3c10 flushing  nmethod 0x000001bf09339710
Event: 3624.410 Thread 0x000001bf029d3c10 flushing  nmethod 0x000001bf09339f10
Event: 3624.410 Thread 0x000001bf029d3c10 flushing  nmethod 0x000001bf0933a810
Event: 3624.410 Thread 0x000001bf029d3c10 flushing  nmethod 0x000001bf0933cd10
Event: 3624.410 Thread 0x000001bf029d3c10 flushing  nmethod 0x000001bf0933dc10

Events (20 events):
Event: 3768.707 Thread 0x000001bf029dfa90 Thread added: 0x000001bf67c13f70
Event: 3773.699 Thread 0x000001bf67c13f70 Thread exited: 0x000001bf67c13f70
Event: 3773.699 Thread 0x000001bf67c16180 Thread exited: 0x000001bf67c16180
Event: 3773.832 Thread 0x000001bf029ebb70 Thread added: 0x000001bf67c15ab0
Event: 3780.000 Thread 0x000001bf67c15ab0 Thread exited: 0x000001bf67c15ab0
Event: 3799.620 Thread 0x000001bf029dfa90 Thread added: 0x000001bf67c16180
Event: 3801.746 Thread 0x000001bf67c16180 Thread exited: 0x000001bf67c16180
Event: 3815.757 Thread 0x000001bf5fa05d50 Thread exited: 0x000001bf5fa05d50
Event: 3859.859 Thread 0x000001bf6a887f40 Thread exited: 0x000001bf6a887f40
Event: 3861.206 Thread 0x000001bf65ef22f0 Thread exited: 0x000001bf65ef22f0
Event: 3862.665 Thread 0x000001bf768c9be0 Thread exited: 0x000001bf768c9be0
Event: 3875.758 Thread 0x000001bf5fa07e20 Thread exited: 0x000001bf5fa07e20
Event: 3902.396 Thread 0x000001bf768cc340 Thread exited: 0x000001bf768cc340
Event: 3922.670 Thread 0x000001bf768c8830 Thread exited: 0x000001bf768c8830
Event: 3935.759 Thread 0x000001bf5fa06a70 Thread exited: 0x000001bf5fa06a70
Event: 3982.684 Thread 0x000001bf768c8ec0 Thread exited: 0x000001bf768c8ec0
Event: 3984.806 Thread 0x000001bf6735b810 Thread added: 0x000001bf67362110
Event: 3984.825 Thread 0x000001bf67362110 Thread exited: 0x000001bf67362110
Event: 3984.963 Thread 0x000001bf029ebb70 Thread added: 0x000001bf67c13f70
Event: 3985.107 Thread 0x000001bf67c13f70 Thread exited: 0x000001bf67c13f70


Dynamic libraries:
0x00007ff70b1d0000 - 0x00007ff70b1de000 	c:\Users\DELL\.cursor\extensions\redhat.java-1.47.0-win32-x64\jre\21.0.8-win32-x86_64\bin\java.exe
0x00007fff86cc0000 - 0x00007fff86f29000 	C:\WINDOWS\SYSTEM32\ntdll.dll
0x00007fff84a90000 - 0x00007fff84b59000 	C:\WINDOWS\System32\KERNEL32.DLL
0x00007fff84690000 - 0x00007fff84a83000 	C:\WINDOWS\System32\KERNELBASE.dll
0x00007fff84410000 - 0x00007fff8455b000 	C:\WINDOWS\System32\ucrtbase.dll
0x00007fff0f720000 - 0x00007fff0f738000 	c:\Users\DELL\.cursor\extensions\redhat.java-1.47.0-win32-x64\jre\21.0.8-win32-x86_64\bin\jli.dll
0x00007fff86670000 - 0x00007fff86834000 	C:\WINDOWS\System32\USER32.dll
0x00007fff0ec80000 - 0x00007fff0ec9e000 	c:\Users\DELL\.cursor\extensions\redhat.java-1.47.0-win32-x64\jre\21.0.8-win32-x86_64\bin\VCRUNTIME140.dll
0x00007fff6c0e0000 - 0x00007fff6c373000 	C:\WINDOWS\WinSxS\amd64_microsoft.windows.common-controls_6595b64144ccf1df_6.0.26100.5074_none_3e0d6f78e32fd63f\COMCTL32.dll
0x00007fff84270000 - 0x00007fff84297000 	C:\WINDOWS\System32\win32u.dll
0x00007fff869c0000 - 0x00007fff86a69000 	C:\WINDOWS\System32\msvcrt.dll
0x00007fff856a0000 - 0x00007fff856cb000 	C:\WINDOWS\System32\GDI32.dll
0x00007fff83e50000 - 0x00007fff83f7d000 	C:\WINDOWS\System32\gdi32full.dll
0x00007fff84040000 - 0x00007fff840e3000 	C:\WINDOWS\System32\msvcp_win.dll
0x00007fff856d0000 - 0x00007fff856ff000 	C:\WINDOWS\System32\IMM32.DLL
0x00007fff3fae0000 - 0x00007fff3faec000 	c:\Users\DELL\.cursor\extensions\redhat.java-1.47.0-win32-x64\jre\21.0.8-win32-x86_64\bin\vcruntime140_1.dll
0x00007fff0d890000 - 0x00007fff0d91d000 	c:\Users\DELL\.cursor\extensions\redhat.java-1.47.0-win32-x64\jre\21.0.8-win32-x86_64\bin\msvcp140.dll
0x00007ffeeefa0000 - 0x00007ffeefd37000 	c:\Users\DELL\.cursor\extensions\redhat.java-1.47.0-win32-x64\jre\21.0.8-win32-x86_64\bin\server\jvm.dll
0x00007fff86a70000 - 0x00007fff86b24000 	C:\WINDOWS\System32\ADVAPI32.dll
0x00007fff861e0000 - 0x00007fff86286000 	C:\WINDOWS\System32\sechost.dll
0x00007fff85140000 - 0x00007fff85258000 	C:\WINDOWS\System32\RPCRT4.dll
0x00007fff84bb0000 - 0x00007fff84c24000 	C:\WINDOWS\System32\WS2_32.dll
0x00007fff82a90000 - 0x00007fff82aee000 	C:\WINDOWS\SYSTEM32\POWRPROF.dll
0x00007fff808f0000 - 0x00007fff80925000 	C:\WINDOWS\SYSTEM32\WINMM.dll
0x00007fff7b810000 - 0x00007fff7b81b000 	C:\WINDOWS\SYSTEM32\VERSION.dll
0x00007fff82a70000 - 0x00007fff82a84000 	C:\WINDOWS\SYSTEM32\UMPDC.dll
0x00007fff82d50000 - 0x00007fff82d6b000 	C:\WINDOWS\SYSTEM32\kernel.appcore.dll
0x00007fff3f7e0000 - 0x00007fff3f7ea000 	c:\Users\DELL\.cursor\extensions\redhat.java-1.47.0-win32-x64\jre\21.0.8-win32-x86_64\bin\jimage.dll
0x00007fff81670000 - 0x00007fff818b2000 	C:\WINDOWS\SYSTEM32\DBGHELP.DLL
0x00007fff86290000 - 0x00007fff8660b000 	C:\WINDOWS\System32\combase.dll
0x00007fff86840000 - 0x00007fff86917000 	C:\WINDOWS\System32\OLEAUT32.dll
0x00007fff6a310000 - 0x00007fff6a34d000 	C:\WINDOWS\SYSTEM32\dbgcore.DLL
0x00007fff845f0000 - 0x00007fff84689000 	C:\WINDOWS\System32\bcryptPrimitives.dll
0x00007fff3f420000 - 0x00007fff3f42f000 	c:\Users\DELL\.cursor\extensions\redhat.java-1.47.0-win32-x64\jre\21.0.8-win32-x86_64\bin\instrument.dll
0x00007fff0e620000 - 0x00007fff0e63f000 	c:\Users\DELL\.cursor\extensions\redhat.java-1.47.0-win32-x64\jre\21.0.8-win32-x86_64\bin\java.dll
0x00007fff85a90000 - 0x00007fff861dd000 	C:\WINDOWS\System32\SHELL32.dll
0x00007fff842a0000 - 0x00007fff8440c000 	C:\WINDOWS\System32\wintypes.dll
0x00007fff81aa0000 - 0x00007fff822f9000 	C:\WINDOWS\SYSTEM32\windows.storage.dll
0x00007fff86b60000 - 0x00007fff86c50000 	C:\WINDOWS\System32\SHCORE.dll
0x00007fff850c0000 - 0x00007fff85122000 	C:\WINDOWS\System32\shlwapi.dll
0x00007fff83d70000 - 0x00007fff83d99000 	C:\WINDOWS\SYSTEM32\profapi.dll
0x00007fff15ca0000 - 0x00007fff15cb8000 	c:\Users\DELL\.cursor\extensions\redhat.java-1.47.0-win32-x64\jre\21.0.8-win32-x86_64\bin\zip.dll
0x00007fff3f160000 - 0x00007fff3f170000 	C:\Users\DELL\.cursor\extensions\redhat.java-1.47.0-win32-x64\jre\21.0.8-win32-x86_64\bin\net.dll
0x00007fff7cae0000 - 0x00007fff7cbff000 	C:\WINDOWS\SYSTEM32\WINHTTP.dll
0x00007fff832d0000 - 0x00007fff8333b000 	C:\WINDOWS\system32\mswsock.dll
0x00007fff0e750000 - 0x00007fff0e766000 	C:\Users\DELL\.cursor\extensions\redhat.java-1.47.0-win32-x64\jre\21.0.8-win32-x86_64\bin\nio.dll
0x00007fff3f140000 - 0x00007fff3f150000 	c:\Users\DELL\.cursor\extensions\redhat.java-1.47.0-win32-x64\jre\21.0.8-win32-x86_64\bin\verify.dll
0x00007fff0a320000 - 0x00007fff0a364000 	C:\Users\DELL\AppData\Roaming\Cursor\User\globalStorage\redhat.java\1.47.0\config_win\org.eclipse.equinox.launcher\org.eclipse.equinox.launcher.win32.win32.x86_64_1.2.1400.v20250801-0854\eclipse_11916.dll
0x00007fff85710000 - 0x00007fff858a8000 	C:\WINDOWS\System32\ole32.dll
0x00007fff83580000 - 0x00007fff8359b000 	C:\WINDOWS\SYSTEM32\CRYPTSP.dll
0x00007fff82cb0000 - 0x00007fff82ceb000 	C:\WINDOWS\system32\rsaenh.dll
0x00007fff83370000 - 0x00007fff8339b000 	C:\WINDOWS\SYSTEM32\USERENV.dll
0x00007fff83d40000 - 0x00007fff83d66000 	C:\WINDOWS\SYSTEM32\bcrypt.dll
0x00007fff83570000 - 0x00007fff8357c000 	C:\WINDOWS\SYSTEM32\CRYPTBASE.dll
0x00007fff826f0000 - 0x00007fff82724000 	C:\WINDOWS\SYSTEM32\IPHLPAPI.DLL
0x00007fff85130000 - 0x00007fff8513a000 	C:\WINDOWS\System32\NSI.dll
0x00007fff0b700000 - 0x00007fff0b749000 	C:\Users\DELL\AppData\Local\Temp\jna-2094529\jna7290034530313850731.dll
0x00007fff86920000 - 0x00007fff86928000 	C:\WINDOWS\System32\PSAPI.DLL
0x00007fff7d0d0000 - 0x00007fff7d0ee000 	C:\WINDOWS\SYSTEM32\dhcpcsvc6.DLL
0x00007fff7d0a0000 - 0x00007fff7d0c3000 	C:\WINDOWS\SYSTEM32\dhcpcsvc.DLL
0x00007fff82e70000 - 0x00007fff82ea6000 	C:\WINDOWS\SYSTEM32\ntmarta.dll

JVMTI agents:
c:\Users\DELL\.cursor\extensions\redhat.java-1.47.0-win32-x64\lombok\lombok-1.18.39-4050.jar path:c:\Users\DELL\.cursor\extensions\redhat.java-1.47.0-win32-x64\jre\21.0.8-win32-x86_64\bin\instrument.dll, loaded, initialized, instrumentlib options:none

dbghelp: loaded successfully - version: 4.0.5 - missing functions: none
symbol engine: initialized successfully - sym options: 0x614 - pdb path: .;c:\Users\DELL\.cursor\extensions\redhat.java-1.47.0-win32-x64\jre\21.0.8-win32-x86_64\bin;C:\WINDOWS\SYSTEM32;C:\WINDOWS\WinSxS\amd64_microsoft.windows.common-controls_6595b64144ccf1df_6.0.26100.5074_none_3e0d6f78e32fd63f;c:\Users\DELL\.cursor\extensions\redhat.java-1.47.0-win32-x64\jre\21.0.8-win32-x86_64\bin\server;C:\Users\DELL\AppData\Roaming\Cursor\User\globalStorage\redhat.java\1.47.0\config_win\org.eclipse.equinox.launcher\org.eclipse.equinox.launcher.win32.win32.x86_64_1.2.1400.v20250801-0854;C:\Users\DELL\AppData\Local\Temp\jna-2094529

VM Arguments:
jvm_args: --add-modules=ALL-SYSTEM --add-opens=java.base/java.util=ALL-UNNAMED --add-opens=java.base/java.lang=ALL-UNNAMED --add-opens=java.base/sun.nio.fs=ALL-UNNAMED -Declipse.application=org.eclipse.jdt.ls.core.id1 -Dosgi.bundles.defaultStartLevel=4 -Declipse.product=org.eclipse.jdt.ls.core.product -Djava.import.generatesMetadataFilesAtProjectRoot=false -DDetectVMInstallationsJob.disabled=true -Dfile.encoding=utf8 -XX:+UseParallelGC -XX:GCTimeRatio=4 -XX:AdaptiveSizePolicyWeight=90 -Dsun.zip.disableMemoryMapping=true -Xmx2G -Xms100m -Xlog:disable -javaagent:c:\Users\DELL\.cursor\extensions\redhat.java-1.47.0-win32-x64\lombok\lombok-1.18.39-4050.jar -XX:+HeapDumpOnOutOfMemoryError -XX:HeapDumpPath=c:\Users\DELL\AppData\Roaming\Cursor\User\workspaceStorage\cbc297099f48c87fd30593b2eda744e6\redhat.java -Daether.dependencyCollector.impl=bf 
java_command: c:\Users\DELL\.cursor\extensions\redhat.java-1.47.0-win32-x64\server\plugins\org.eclipse.equinox.launcher_1.7.100.v20251014-1222.jar -configuration c:\Users\DELL\AppData\Roaming\Cursor\User\globalStorage\redhat.java\1.47.0\config_win -data c:\Users\DELL\AppData\Roaming\Cursor\User\workspaceStorage\cbc297099f48c87fd30593b2eda744e6\redhat.java\jdt_ws --pipe=\\.\pipe\lsp-1f6cc39bbbf4d2341b9bc22847e02aba-sock
java_class_path (initial): c:\Users\DELL\.cursor\extensions\redhat.java-1.47.0-win32-x64\server\plugins\org.eclipse.equinox.launcher_1.7.100.v20251014-1222.jar
Launcher Type: SUN_STANDARD

[Global flags]
    uintx AdaptiveSizePolicyWeight                 = 90                                        {product} {command line}
     intx CICompilerCount                          = 12                                        {product} {ergonomic}
    uintx GCTimeRatio                              = 4                                         {product} {command line}
     bool HeapDumpOnOutOfMemoryError               = true                                   {manageable} {command line}
    ccstr HeapDumpPath                             = c:\Users\DELL\AppData\Roaming\Cursor\User\workspaceStorage\cbc297099f48c87fd30593b2eda744e6\redhat.java         {manageable} {command line}
   size_t InitialHeapSize                          = 104857600                                 {product} {command line}
   size_t MaxHeapSize                              = 2147483648                                {product} {command line}
   size_t MaxNewSize                               = 715653120                                 {product} {ergonomic}
   size_t MinHeapDeltaBytes                        = 524288                                    {product} {ergonomic}
   size_t MinHeapSize                              = 104857600                                 {product} {command line}
   size_t NewSize                                  = 34603008                                  {product} {ergonomic}
    uintx NonNMethodCodeHeapSize                   = 7602480                                {pd product} {ergonomic}
    uintx NonProfiledCodeHeapSize                  = 122027880                              {pd product} {ergonomic}
   size_t OldSize                                  = 70254592                                  {product} {ergonomic}
    uintx ProfiledCodeHeapSize                     = 122027880                              {pd product} {ergonomic}
    uintx ReservedCodeCacheSize                    = 251658240                              {pd product} {ergonomic}
     bool SegmentedCodeCache                       = true                                      {product} {ergonomic}
   size_t SoftMaxHeapSize                          = 2147483648                             {manageable} {ergonomic}
     bool UseCompressedOops                        = true                           {product lp64_product} {ergonomic}
     bool UseLargePagesIndividualAllocation        = false                                  {pd product} {ergonomic}
     bool UseParallelGC                            = true                                      {product} {command line}

Logging:
Log output configuration:
 #0: stdout all=off uptime,level,tags foldmultilines=false
 #1: stderr all=off uptime,level,tags foldmultilines=false

Environment Variables:
JAVA_HOME=C:\Program Files\Java\jdk-21
CLASSPATH=.;C:\Program Files\Java\jdk1.8.0_172\lib;C:\Program Files\Java\jdk1.8.0_172\jre\lib
PATH=D:\App\ngrok-v3-stable-windows-amd64;C:\Program Files\Common Files\Oracle\Java\javapath;C:\Windows\system32;C:\Windows;C:\Windows\System32\Wbem;C:\Windows\System32\WindowsPowerShell\v1.0\;C:\Windows\System32\OpenSSH\;C:\Program Files\dotnet\;C:\Program Files (x86)\NVIDIA Corporation\PhysX\Common;C:\Program Files\NVIDIA Corporation\NVIDIA app\NvDLISR;C:\Program Files (x86)\Microsoft SQL Server\150\Tools\Binn\;C:\Program Files\Microsoft SQL Server\150\Tools\Binn\;C:\Program Files (x86)\Microsoft SQL Server\150\DTS\Binn\;C:\Program Files\Microsoft SQL Server\150\DTS\Binn\;C:\Program Files\Microsoft SQL Server\Client SDK\ODBC\170\Tools\Binn\;C:\Program Files\Java\jdk1.8.0_172\bin;C:\WINDOWS\system32;C:\WINDOWS;C:\WINDOWS\System32\Wbem;C:\WINDOWS\System32\WindowsPowerShell\v1.0\;C:\WINDOWS\System32\OpenSSH\;C:\ProgramData\chocolatey\bin;D:\App\Git\cmd;C:\Program Files\Docker\Docker\resources\bin;D:\App\PuTTY\;C:\Program Files\ojdkbuild\java-17-openjdk-17.0.3.0.6-1\bin;D:\App\cursor\resources\app\bin;D:\App\nodejs\;C:\Program Files\Java\jdk-21\bin;\Program Files\Java\jdk-21\bin;D:\App\Microsoft VS Code\bin;C:\Users\DELL\AppData\Local\Microsoft\WindowsApps;C:\Users\DELL\.m2\wrapper\dists\apache-maven-3.9.11\03d7e36a140982eea48e22c1dcac01d8862b2550b2939e09a0809bbc5182a5bc\bin;C:\Users\DELL\.m2\wrapper\dists\apache-maven-3.9.11-bin\6mqf5t809d9geo83kj4ttckcbc\apache-maven-3.9.11\bin;C:\Users\DELL\AppData\Local\Python\bin;C:\Users\DELL\AppData\Roaming\npm
USERNAME=DELL
OS=Windows_NT
PROCESSOR_IDENTIFIER=Intel64 Family 6 Model 183 Stepping 1, GenuineIntel
TMP=C:\Users\DELL\AppData\Local\Temp
TEMP=C:\Users\DELL\AppData\Local\Temp




Periodic native trim disabled

---------------  S Y S T E M  ---------------

OS:
 Windows 11 , 64 bit Build 26100 (10.0.26100.5074)
OS uptime: 11 days 10:32 hours
Hyper-V role detected

CPU: total 20 (initial active 20) (10 cores per cpu, 2 threads per core) family 6 model 183 stepping 1 microcode 0x12c, cx8, cmov, fxsr, ht, mmx, 3dnowpref, sse, sse2, sse3, ssse3, sse4.1, sse4.2, popcnt, lzcnt, tsc, tscinvbit, avx, avx2, aes, erms, clmul, bmi1, bmi2, adx, sha, fma, vzeroupper, clflush, clflushopt, clwb, hv, serialize, rdtscp, rdpid, fsrm, f16c, cet_ibt, cet_ss
Processor Information for processor 0
  Max Mhz: 2600, Current Mhz: 2600, Mhz Limit: 2600
Processor Information for processor 1
  Max Mhz: 2600, Current Mhz: 2600, Mhz Limit: 2600
Processor Information for processor 2
  Max Mhz: 2600, Current Mhz: 2600, Mhz Limit: 2600
Processor Information for processor 3
  Max Mhz: 2600, Current Mhz: 2600, Mhz Limit: 2600
Processor Information for processor 4
  Max Mhz: 2600, Current Mhz: 2600, Mhz Limit: 2600
Processor Information for processor 5
  Max Mhz: 2600, Current Mhz: 2600, Mhz Limit: 2600
Processor Information for processor 6
  Max Mhz: 2600, Current Mhz: 2600, Mhz Limit: 2600
Processor Information for processor 7
  Max Mhz: 2600, Current Mhz: 2600, Mhz Limit: 2600
Processor Information for processor 8
  Max Mhz: 2600, Current Mhz: 2600, Mhz Limit: 2600
Processor Information for processor 9
  Max Mhz: 2600, Current Mhz: 2600, Mhz Limit: 2600
Processor Information for processor 10
  Max Mhz: 2600, Current Mhz: 2600, Mhz Limit: 2600
Processor Information for processor 11
  Max Mhz: 2600, Current Mhz: 2600, Mhz Limit: 2600
Processor Information for processor 12
  Max Mhz: 2600, Current Mhz: 2600, Mhz Limit: 2600
Processor Information for processor 13
  Max Mhz: 2600, Current Mhz: 1505, Mhz Limit: 2600
Processor Information for processor 14
  Max Mhz: 2600, Current Mhz: 1505, Mhz Limit: 2600
Processor Information for processor 15
  Max Mhz: 2600, Current Mhz: 2600, Mhz Limit: 2600
Processor Information for processor 16
  Max Mhz: 2600, Current Mhz: 2600, Mhz Limit: 2600
Processor Information for processor 17
  Max Mhz: 2600, Current Mhz: 1505, Mhz Limit: 2600
Processor Information for processor 18
  Max Mhz: 2600, Current Mhz: 1505, Mhz Limit: 2600
Processor Information for processor 19
  Max Mhz: 2600, Current Mhz: 1505, Mhz Limit: 2600

Memory: 4k page, system-wide physical 16068M (625M free)
TotalPageFile size 48568M (AvailPageFile size 9M)
current process WorkingSet (physical memory assigned to process): 140M, peak: 1034M
current process commit charge ("private bytes"): 1395M, peak: 1397M

vm_info: OpenJDK 64-Bit Server VM (21.0.8+9-LTS) for windows-amd64 JRE (21.0.8+9-LTS), built on 2025-07-15T00:00:00Z by "admin" with MS VC++ 17.7 (VS2022)

END.
